Episode,Time_step,Episode_timesteps,Mean_Episode_timesteps,Reward,Mean_Reward,CuriosityReward,Mean_curiosity_reward,Eps_greedy_val
1,579,579,579.0,1.0,1.0,6.715999999999984,6.715999999999984,0.9999099333333333
2,1592,1013,796.0,1.0,1.0,11.961999999999922,9.338999999999952,0.9997523555555555
3,2792,1200,930.6666666666666,0.0,0.6666666666666666,13.521999999999867,10.733333333333258,0.9995656888888889
4,3992,1200,998.0,0.0,0.5,14.62999999999987,11.70749999999991,0.9993790222222222
5,4044,52,808.8,1.0,0.6,0.5790000000000003,9.481799999999929,0.9993709333333334
6,5230,1186,871.6666666666666,1.0,0.6666666666666666,13.11799999999991,10.08783333333326,0.9991864444444445
7,6029,799,861.2857142857143,1.0,0.7142857142857143,9.106999999999935,9.947714285714213,0.9990621555555556
8,6930,901,866.25,1.0,0.75,10.913999999999904,10.068499999999924,0.998922
9,8130,1200,903.3333333333334,0.0,0.6666666666666666,14.284999999999885,10.536999999999919,0.9987353333333333
10,8805,675,880.5,1.0,0.7,7.090999999999969,10.192399999999925,0.9986303333333333
11,9768,963,888.0,1.0,0.7272727272727273,9.420999999999967,10.122272727272655,0.9984805333333333
12,10967,1199,913.9166666666666,1.0,0.75,11.510999999999912,10.237999999999927,0.9982940222222222
13,11143,176,857.1538461538462,1.0,0.7692307692307693,2.0369999999999973,9.607153846153777,0.9982666444444445
14,11723,580,837.3571428571429,1.0,0.7857142857142857,6.223999999999982,9.365499999999935,0.9981764222222222
15,12569,846,837.9333333333333,1.0,0.8,8.59699999999998,9.314266666666605,0.9980448222222222
16,13769,1200,860.5625,0.0,0.75,11.68899999999993,9.462687499999937,0.9978581555555556
17,14969,1200,880.5294117647059,0.0,0.7058823529411765,12.033999999999862,9.61394117647052,0.9976714888888889
18,15844,875,880.2222222222222,1.0,0.7222222222222222,8.028999999999977,9.525888888888822,0.9975353777777778
19,16530,686,870.0,1.0,0.7368421052631579,6.4839999999999876,9.365789473684147,0.9974286666666666
20,17730,1200,886.5,0.0,0.7,12.606999999999838,9.527849999999932,0.997242
21,18930,1200,901.4285714285714,0.0,0.6666666666666666,10.761999999999913,9.586619047618978,0.9970553333333333
22,20102,1172,913.7272727272727,1.0,0.6818181818181818,11.74299999999987,9.684636363636292,0.9968730222222222
23,21302,1200,926.1739130434783,0.0,0.6521739130434783,10.13899999999993,9.704391304347753,0.9966863555555555
24,22502,1200,937.5833333333334,0.0,0.625,10.41199999999991,9.733874999999928,0.9964996888888888
25,23642,1140,945.68,1.0,0.64,8.861999999999968,9.69899999999993,0.9963223555555556
26,24842,1200,955.4615384615385,0.0,0.6153846153846154,11.718999999999888,9.776692307692237,0.9961356888888889
27,25808,966,955.8518518518518,1.0,0.6296296296296297,7.863999999999974,9.705851851851783,0.9959854222222222
28,26620,812,950.7142857142857,1.0,0.6428571428571429,7.589999999999995,9.630285714285646,0.9958591111111111
29,27820,1200,959.3103448275862,0.0,0.6206896551724138,9.254000000000024,9.617310344827521,0.9956724444444445
30,29020,1200,967.3333333333334,0.0,0.6,10.7979999999999,9.6566666666666,0.9954857777777778
31,29481,461,951.0,1.0,0.6129032258064516,3.1629999999999874,9.447193548387032,0.9954140666666667
32,29851,370,932.84375,1.0,0.625,1.9889999999999937,9.214124999999939,0.9953565111111111
33,30472,621,923.3939393939394,1.0,0.6363636363636364,3.861999999999971,9.051939393939334,0.9952599111111111
34,31672,1200,931.5294117647059,0.0,0.6176470588235294,10.117999999999936,9.083294117646998,0.9950732444444444
35,31776,104,907.8857142857142,1.0,0.6285714285714286,0.7330000000000005,8.844714285714227,0.9950570666666667
36,32625,849,906.25,1.0,0.6388888888888888,6.335999999999993,8.775027777777721,0.994925
37,33123,498,895.2162162162163,1.0,0.6486486486486487,3.4419999999999793,8.630891891891837,0.9948475333333333
38,33696,573,886.7368421052631,1.0,0.6578947368421053,4.490999999999983,8.521947368421,0.9947584
39,34896,1200,894.7692307692307,0.0,0.6410256410256411,8.109999999999932,8.511384615384562,0.9945717333333334
40,35465,569,886.625,1.0,0.65,3.5989999999999753,8.388574999999946,0.9944832222222222
41,36665,1200,894.2682926829268,0.0,0.6341463414634146,8.811999999999951,8.398902439024337,0.9942965555555555
42,36804,139,876.2857142857143,1.0,0.6428571428571429,1.0180000000000002,8.223166666666614,0.9942749333333334
43,38004,1200,883.8139534883721,0.0,0.627906976744186,6.83699999999993,8.190930232558086,0.9940882666666667
44,38219,215,868.6136363636364,1.0,0.6363636363636364,1.471999999999997,8.03822727272722,0.9940548222222222
45,38484,265,855.2,1.0,0.6444444444444445,1.3429999999999978,7.889444444444393,0.9940136
46,39199,715,852.1521739130435,1.0,0.6521739130434783,5.21399999999997,7.831282608695601,0.9939023777777778
47,39709,510,844.8723404255319,1.0,0.6595744680851063,2.51999999999998,7.71827659574463,0.9938230444444445
48,39814,105,829.4583333333334,1.0,0.6666666666666666,0.5830000000000004,7.569624999999951,0.9938067111111111
49,41014,1200,837.0204081632653,0.0,0.6530612244897959,8.43199999999996,7.58722448979587,0.9936200444444444
50,41397,383,827.94,1.0,0.66,2.473999999999987,7.484959999999952,0.9935604666666666
51,41667,270,817.0,1.0,0.6666666666666666,1.5069999999999961,7.367745098039169,0.9935184666666667
52,42018,351,808.0384615384615,1.0,0.6730769230769231,1.0130000000000006,7.245538461538415,0.9934638666666666
53,43218,1200,815.433962264151,0.0,0.660377358490566,8.586999999999945,7.270849056603727,0.9932772
54,43258,40,801.074074074074,1.0,0.6666666666666666,0.2830000000000002,7.1414444444443985,0.9932709777777777
55,44458,1200,808.3272727272728,0.0,0.6545454545454545,6.995999999999922,7.138799999999954,0.9930843111111111
56,45406,948,810.8214285714286,1.0,0.6607142857142857,5.607999999999934,7.11146428571424,0.9929368444444444
57,46606,1200,817.6491228070175,0.0,0.6491228070175439,7.946999999999948,7.126122807017498,0.9927501777777777
58,47806,1200,824.2413793103449,0.0,0.6379310344827587,6.142999999999935,7.109172413793056,0.9925635111111111
59,49006,1200,830.6101694915254,0.0,0.6271186440677966,8.715999999999934,7.13640677966097,0.9923768444444444
60,49235,229,820.5833333333334,1.0,0.6333333333333333,1.6109999999999944,7.04431666666662,0.9923412222222222
61,50435,1200,826.8032786885246,0.0,0.6229508196721312,8.49200000000001,7.068049180327823,0.9921545555555555
62,51635,1200,832.8225806451613,0.0,0.6129032258064516,7.036999999999917,7.067548387096728,0.9919678888888889
63,52835,1200,838.6507936507936,0.0,0.6031746031746031,8.003999999999937,7.082412698412653,0.9917812222222222
64,53671,836,838.609375,1.0,0.609375,4.555999999999964,7.042937499999954,0.9916511777777778
65,54871,1200,844.1692307692308,0.0,0.6,9.156000000000002,7.075446153846109,0.9914645111111111
66,56071,1200,849.560606060606,0.0,0.5909090909090909,6.351999999999918,7.064484848484803,0.9912778444444444
67,56338,267,840.8656716417911,1.0,0.5970149253731343,1.4389999999999985,6.980522388059656,0.9912363111111111
68,56979,641,837.9264705882352,1.0,0.6029411764705882,3.031999999999983,6.922455882352897,0.9911366
69,57032,53,826.5507246376811,1.0,0.6086956521739131,0.23300000000000015,6.825507246376768,0.9911283555555556
70,58232,1200,831.8857142857142,0.0,0.6,7.647999999999949,6.837257142857099,0.9909416888888889
71,59432,1200,837.0704225352113,0.0,0.5915492957746479,6.570999999999943,6.833507042253477,0.9907550222222222
72,60077,645,834.4027777777778,1.0,0.5972222222222222,2.91499999999998,6.779083333333289,0.9906546888888889
73,61277,1200,839.4109589041096,0.0,0.589041095890411,8.131999999999968,6.79761643835612,0.9904680222222222
74,62477,1200,844.2837837837837,0.0,0.581081081081081,7.557999999999939,6.807891891891847,0.9902813555555555
75,63677,1200,849.0266666666666,0.0,0.5733333333333334,7.325999999999964,6.814799999999956,0.9900946888888889
76,64789,1112,852.4868421052631,1.0,0.5789473684210527,7.951999999999959,6.829763157894692,0.9899217111111112
77,65413,624,849.5194805194806,1.0,0.5844155844155844,2.924999999999987,6.779051948051904,0.9898246444444444
78,66360,947,850.7692307692307,1.0,0.5897435897435898,5.982999999999975,6.768846153846109,0.9896773333333333
79,66807,447,845.6582278481013,1.0,0.5949367088607594,2.182999999999992,6.710797468354386,0.9896078
80,67828,1021,847.85,1.0,0.6,6.06199999999992,6.702687499999956,0.9894489777777777
81,69028,1200,852.1975308641976,0.0,0.5925925925925926,6.220999999999907,6.6967407407406965,0.9892623111111111
82,69317,289,845.329268292683,1.0,0.5975609756097561,1.8029999999999935,6.637060975609712,0.9892173555555556
83,70517,1200,849.6024096385543,0.0,0.5903614457831325,7.063999999999935,6.642204819277064,0.9890306888888889
84,71717,1200,853.7738095238095,0.0,0.5833333333333334,9.206000000000014,6.672726190476148,0.9888440222222222
85,72917,1200,857.8470588235294,0.0,0.5764705882352941,6.054999999999924,6.665458823529368,0.9886573555555556
86,73790,873,858.0232558139535,1.0,0.5813953488372093,4.570999999999963,6.641104651162747,0.9885215555555555
87,74990,1200,861.9540229885057,0.0,0.5747126436781609,7.320999999999969,6.648919540229841,0.9883348888888889
88,76073,1083,864.4659090909091,1.0,0.5795454545454546,6.069999999999898,6.642340909090866,0.9881664222222222
89,77273,1200,868.2359550561798,0.0,0.5730337078651685,6.733999999999919,6.643370786516811,0.9879797555555555
90,77463,190,860.7,1.0,0.5777777777777777,0.6860000000000005,6.577177777777735,0.9879502
91,78663,1200,864.4285714285714,0.0,0.5714285714285714,7.288999999999958,6.584999999999957,0.9877635333333333
92,78972,309,858.3913043478261,1.0,0.5760869565217391,1.5869999999999949,6.530673913043437,0.9877154666666667
93,79183,211,851.4301075268817,1.0,0.5806451612903226,1.1289999999999987,6.472591397849421,0.9876826444444444
94,80383,1200,855.1382978723404,0.0,0.574468085106383,7.7019999999999476,6.485670212765917,0.9874959777777778
95,80780,397,850.3157894736842,1.0,0.5789473684210527,2.321999999999991,6.441842105263118,0.9874342222222222
96,81980,1200,853.9583333333334,0.0,0.5729166666666666,7.633999999999969,6.4542604166666235,0.9872475555555555
97,83180,1200,857.5257731958762,0.0,0.5670103092783505,5.9739999999999425,6.449309278350472,0.9870608888888889
98,83789,609,854.9897959183673,1.0,0.5714285714285714,3.0189999999999744,6.414306122448936,0.9869661555555556
99,83950,161,847.979797979798,1.0,0.5757575757575758,0.8850000000000007,6.358454545454503,0.9869411111111112
100,85150,1200,851.5,0.0,0.57,6.117999999999944,6.356049999999957,0.9867544444444445
101,86227,1077,856.48,1.0,0.57,4.506999999999956,6.333959999999958,0.9865869111111111
102,87427,1200,858.35,0.0,0.56,7.24099999999991,6.286749999999956,0.9864002444444444
103,87688,261,848.96,1.0,0.57,1.6379999999999961,6.167909999999958,0.9863596444444445
104,88888,1200,848.96,0.0,0.57,6.96699999999992,6.0912799999999585,0.9861729777777778
105,90088,1200,860.44,0.0,0.56,6.309999999999897,6.148589999999959,0.9859863111111111
106,90870,782,856.4,1.0,0.56,4.270999999999956,6.060119999999959,0.9858646666666666
107,91165,295,851.36,1.0,0.56,1.7279999999999947,5.986329999999958,0.9858187777777778
108,92232,1067,853.02,1.0,0.56,5.9249999999999545,5.936439999999959,0.9856528
109,93418,1186,852.88,1.0,0.57,6.844999999999911,5.862039999999959,0.9854683111111111
110,94618,1200,858.13,0.0,0.56,5.507999999999902,5.846209999999959,0.9852816444444444
111,95809,1191,860.41,1.0,0.56,6.635999999999948,5.818359999999959,0.9850963777777778
112,97009,1200,860.42,0.0,0.55,6.584999999999919,5.769099999999959,0.9849097111111111
113,98209,1200,870.66,0.0,0.54,6.186999999999891,5.810599999999958,0.9847230444444445
114,98662,453,869.39,1.0,0.54,1.697999999999994,5.7653399999999575,0.9846525777777778
115,99582,920,870.13,1.0,0.54,3.8949999999999636,5.718319999999958,0.9845094666666667
116,100782,1200,870.13,0.0,0.54,7.102999999999927,5.672459999999957,0.9843228
117,101982,1200,870.13,0.0,0.54,5.659999999999904,5.608719999999957,0.9841361333333334
118,103022,1040,871.78,1.0,0.54,5.181999999999915,5.580249999999958,0.9839743555555556
119,104222,1200,876.92,0.0,0.53,6.523999999999897,5.580649999999956,0.9837876888888889
120,104966,744,872.36,1.0,0.54,2.8959999999999804,5.483539999999956,0.9836719555555555
121,106166,1200,872.36,0.0,0.54,5.58199999999993,5.431739999999958,0.9834852888888889
122,107288,1122,871.86,1.0,0.54,4.379999999999957,5.358109999999958,0.9833107555555556
123,108488,1200,871.86,0.0,0.54,6.6589999999999305,5.323309999999959,0.9831240888888889
124,109688,1200,871.86,0.0,0.54,5.22299999999992,5.271419999999958,0.9829374222222222
125,110483,795,868.41,1.0,0.54,3.2829999999999764,5.215629999999959,0.9828137555555556
126,111683,1200,868.41,0.0,0.54,5.2499999999999405,5.150939999999959,0.9826270888888888
127,112883,1200,870.75,0.0,0.53,6.164999999999911,5.133949999999959,0.9824404222222223
128,113924,1041,873.04,1.0,0.53,3.912999999999965,5.097179999999959,0.9822784888888889
129,114740,816,869.2,1.0,0.54,3.7739999999999685,5.042379999999957,0.9821515555555556
130,115940,1200,869.2,0.0,0.54,4.47399999999996,4.979139999999958,0.9819648888888889
131,117140,1200,876.59,0.0,0.53,6.2089999999999295,5.009599999999958,0.9817782222222222
132,118267,1127,884.16,1.0,0.53,5.084999999999925,5.0405599999999575,0.9816029111111111
133,118692,425,882.2,1.0,0.53,2.203999999999987,5.023979999999957,0.9815368
134,119892,1200,882.2,0.0,0.53,5.258999999999917,4.975389999999957,0.9813501333333333
135,121092,1200,893.16,0.0,0.52,5.443999999999901,5.022499999999956,0.9811634666666667
136,122203,1111,895.78,1.0,0.52,4.081999999999965,4.999959999999956,0.9809906444444444
137,122914,711,897.91,1.0,0.52,2.629999999999981,4.991839999999956,0.9808800444444444
138,124114,1200,904.18,0.0,0.51,3.6739999999999653,4.9836699999999565,0.9806933777777778
139,125314,1200,904.18,0.0,0.51,4.234999999999967,4.944919999999957,0.9805067111111111
140,125891,577,904.26,1.0,0.51,2.280999999999976,4.931739999999956,0.9804169555555555
141,127091,1200,904.26,0.0,0.51,5.18499999999993,4.895469999999957,0.9802302888888889
142,128291,1200,914.87,0.0,0.5,4.727999999999934,4.932569999999956,0.9800436222222222
143,129491,1200,914.87,0.0,0.5,5.214999999999945,4.916349999999955,0.9798569555555555
144,130226,735,920.07,1.0,0.5,3.1769999999999783,4.933399999999955,0.9797426222222222
145,131400,1174,929.16,1.0,0.5,5.467999999999914,4.974649999999954,0.97956
146,132600,1200,934.01,0.0,0.49,5.608999999999919,4.978599999999954,0.9793733333333333
147,133800,1200,940.91,0.0,0.48,5.872999999999934,5.012129999999954,0.9791866666666666
148,135000,1200,951.86,0.0,0.47,3.72699999999999,5.043569999999954,0.979
149,136050,1050,950.36,1.0,0.48,5.118999999999934,5.010439999999953,0.9788366666666667
150,137250,1200,958.53,0.0,0.47,4.34399999999998,5.029139999999953,0.97865
151,137876,626,962.09,1.0,0.47,2.7319999999999744,5.041389999999953,0.9785526222222223
152,139076,1200,970.58,0.0,0.46,4.711999999999957,5.078379999999952,0.9783659555555555
153,140085,1009,968.67,1.0,0.47,3.4159999999999635,5.026669999999952,0.978209
154,141285,1200,980.27,0.0,0.46,5.487999999999941,5.078719999999953,0.9780223333333333
155,141369,84,969.11,1.0,0.47,0.3820000000000003,5.012579999999953,0.9780092666666667
156,142569,1200,971.63,0.0,0.46,4.54999999999996,5.001999999999954,0.9778226
157,143769,1200,971.63,0.0,0.46,4.739999999999948,4.9699299999999536,0.9776359333333333
158,144613,844,968.07,1.0,0.47,2.098999999999975,4.929489999999953,0.9775046444444444
159,145266,653,962.6,1.0,0.48,2.4409999999999843,4.866739999999954,0.9774030666666667
160,146466,1200,972.31,0.0,0.47,6.104999999999928,4.9116799999999525,0.9772164
161,147046,580,966.11,1.0,0.48,2.3439999999999874,4.850199999999953,0.9771261777777778
162,148069,1023,964.34,1.0,0.49,4.708999999999954,4.826919999999953,0.9769670444444445
163,148093,24,952.58,1.0,0.5,0.10700000000000004,4.747949999999954,0.9769633111111111
164,149293,1200,956.22,0.0,0.49,3.9639999999999502,4.7420299999999544,0.9767766444444445
165,149419,126,945.48,1.0,0.5,0.33000000000000024,4.653769999999954,0.9767570444444444
166,150619,1200,945.48,0.0,0.5,3.510999999999953,4.625359999999954,0.9765703777777778
167,151819,1200,954.81,0.0,0.49,3.528999999999964,4.6462599999999545,0.9763837111111111
168,153019,1200,960.4,0.0,0.48,4.427999999999944,4.660219999999954,0.9761970444444444
169,153376,357,963.44,1.0,0.48,0.8050000000000006,4.665939999999954,0.9761415111111111
170,153741,365,955.09,1.0,0.49,0.9380000000000007,4.598839999999954,0.9760847333333333
171,154145,404,947.13,1.0,0.5,1.6469999999999914,4.549599999999955,0.9760218888888889
172,155345,1200,952.68,0.0,0.49,4.915999999999936,4.569609999999954,0.9758352222222222
173,156545,1200,952.68,0.0,0.49,3.2969999999999735,4.5212599999999545,0.9756485555555555
174,156770,225,942.93,1.0,0.5,0.9840000000000008,4.455519999999954,0.9756135555555555
175,157970,1200,942.93,0.0,0.5,5.272999999999905,4.434989999999954,0.9754268888888888
176,159170,1200,943.81,0.0,0.49,4.290999999999953,4.398379999999953,0.9752402222222222
177,159794,624,943.81,1.0,0.49,1.7699999999999885,4.386829999999954,0.9751431555555555
178,160994,1200,946.34,0.0,0.48,3.9369999999999705,4.366369999999954,0.9749564888888889
179,161799,805,949.92,1.0,0.48,2.153999999999967,4.366079999999953,0.9748312666666666
180,162357,558,945.29,1.0,0.48,1.654999999999986,4.3220099999999535,0.9747444666666667
181,163557,1200,945.29,0.0,0.48,3.3139999999999636,4.2929399999999545,0.9745578
182,164757,1200,954.4,0.0,0.47,4.78699999999995,4.3227799999999545,0.9743711333333334
183,165957,1200,954.4,0.0,0.47,4.188999999999969,4.294029999999955,0.9741844666666667
184,167157,1200,954.4,0.0,0.47,3.5729999999999644,4.237699999999955,0.9739978
185,168357,1200,954.4,0.0,0.47,5.327999999999904,4.230429999999955,0.9738111333333334
186,168534,177,947.44,1.0,0.47,0.33800000000000024,4.188099999999955,0.9737836
187,169549,1015,945.59,1.0,0.48,3.2579999999999765,4.147469999999955,0.9736257111111111
188,170749,1200,946.76,0.0,0.47,3.543999999999958,4.122209999999956,0.9734390444444444
189,171949,1200,946.76,0.0,0.47,5.103999999999932,4.105909999999955,0.9732523777777777
190,173149,1200,956.86,0.0,0.46,4.600999999999953,4.145059999999956,0.9730657111111111
191,173874,725,952.11,1.0,0.47,1.7749999999999824,4.089919999999955,0.9729529333333333
192,175074,1200,961.02,0.0,0.46,5.443999999999903,4.128489999999954,0.9727662666666667
193,176181,1107,969.98,1.0,0.46,2.642999999999934,4.143629999999953,0.9725940666666667
194,177381,1200,969.98,0.0,0.46,3.745999999999959,4.104069999999954,0.9724074
195,178581,1200,978.01,0.0,0.45,3.397999999999965,4.114829999999953,0.9722207333333334
196,178853,272,968.73,1.0,0.46,1.043,4.0489199999999546,0.9721784222222222
197,180053,1200,968.73,0.0,0.46,5.745999999999932,4.046639999999954,0.9719917555555555
198,180695,642,969.06,1.0,0.46,1.602999999999991,4.032479999999954,0.9718918888888889
199,181895,1200,979.45,0.0,0.45,4.209999999999972,4.065729999999954,0.9717052222222222
200,183095,1200,979.45,0.0,0.45,3.1739999999999764,4.036289999999954,0.9715185555555556
201,184245,1150,980.18,1.0,0.45,4.188999999999938,4.0331099999999545,0.9713396666666667
202,185445,1200,980.18,0.0,0.45,4.024999999999949,4.000949999999955,0.971153
203,186645,1200,989.57,0.0,0.44,3.106999999999961,4.015639999999954,0.9709663333333334
204,187845,1200,989.57,0.0,0.44,4.465999999999947,3.990629999999955,0.9707796666666667
205,189045,1200,989.57,0.0,0.44,3.826999999999963,3.965799999999955,0.970593
206,190245,1200,993.75,0.0,0.43,4.093999999999964,3.964029999999955,0.9704063333333334
207,190915,670,997.5,1.0,0.43,1.6459999999999817,3.963209999999955,0.9703021111111111
208,192115,1200,998.83,0.0,0.42,2.8219999999999548,3.932179999999954,0.9701154444444444
209,192753,638,993.35,1.0,0.42,1.6589999999999885,3.8803199999999554,0.9700162
210,193953,1200,993.35,0.0,0.42,5.61799999999992,3.8814199999999555,0.9698295333333333
211,195153,1200,993.44,0.0,0.41,4.905999999999947,3.8641199999999567,0.9696428666666667
212,196353,1200,993.44,0.0,0.41,3.7869999999999884,3.8361399999999564,0.9694562
213,197379,1026,991.7,1.0,0.42,4.143999999999966,3.8157099999999575,0.9692966
214,198579,1200,999.17,0.0,0.41,4.019999999999957,3.838929999999957,0.9691099333333333
215,199779,1200,1001.97,0.0,0.4,5.027999999999914,3.8502599999999565,0.9689232666666666
216,200979,1200,1001.97,0.0,0.4,3.4629999999999606,3.813859999999957,0.9687366
217,201886,907,999.04,1.0,0.41,1.83099999999997,3.7755699999999575,0.9685955111111111
218,202826,940,998.04,1.0,0.41,3.070999999999979,3.754459999999958,0.9684492888888889
219,203336,510,991.14,1.0,0.42,1.6119999999999899,3.7053399999999588,0.9683699555555556
220,204536,1200,995.7,0.0,0.41,3.3879999999999657,3.7102599999999586,0.9681832888888889
221,205736,1200,995.7,0.0,0.41,3.63499999999996,3.690789999999958,0.9679966222222223
222,206597,861,993.09,1.0,0.41,2.699999999999963,3.673989999999959,0.9678626888888889
223,207797,1200,993.09,0.0,0.41,2.8349999999999596,3.6357499999999594,0.9676760222222223
224,208997,1200,993.09,0.0,0.41,2.9719999999999294,3.61323999999996,0.9674893555555556
225,210197,1200,997.14,0.0,0.4,3.9899999999999576,3.6203099999999595,0.9673026888888889
226,210851,654,991.68,1.0,0.41,1.3409999999999918,3.5812199999999605,0.9672009555555555
227,211591,740,987.08,1.0,0.42,1.5849999999999829,3.53541999999996,0.9670858444444445
228,212695,1104,987.71,1.0,0.42,3.4419999999999615,3.5307099999999605,0.9669141111111111
229,213895,1200,991.55,0.0,0.41,2.9719999999999636,3.5226899999999604,0.9667274444444445
230,215095,1200,991.55,0.0,0.41,3.927999999999941,3.5172299999999606,0.9665407777777778
231,216295,1200,991.55,0.0,0.41,1.9529999999999708,3.474669999999961,0.9663541111111111
232,217495,1200,992.28,0.0,0.4,3.427999999999951,3.458099999999961,0.9661674444444445
233,218181,686,994.89,1.0,0.4,1.5389999999999868,3.4514499999999613,0.9660607333333333
234,218695,514,988.03,1.0,0.41,1.8239999999999899,3.417099999999962,0.9659807777777778
235,218868,173,977.76,1.0,0.42,0.5450000000000004,3.3681099999999633,0.9659538666666667
236,219238,370,970.35,1.0,0.42,1.1019999999999974,3.3383099999999626,0.9658963111111111
237,219539,301,966.25,1.0,0.42,0.6390000000000005,3.318399999999964,0.9658494888888889
238,220739,1200,966.25,0.0,0.42,5.260999999999926,3.3342699999999628,0.9656628222222222
239,221939,1200,966.25,0.0,0.42,3.9119999999999764,3.331039999999963,0.9654761555555555
240,222933,994,970.42,1.0,0.42,2.0839999999999743,3.329069999999963,0.9653215333333334
241,223016,83,959.25,1.0,0.43,0.23100000000000015,3.2795299999999634,0.9653086222222222
242,223746,730,954.55,1.0,0.44,1.9699999999999795,3.251949999999964,0.9651950666666667
243,224202,456,947.11,1.0,0.45,1.409999999999993,3.2138999999999642,0.9651241333333334
244,224518,316,942.92,1.0,0.45,0.7340000000000005,3.189469999999965,0.9650749777777777
245,225718,1200,943.18,0.0,0.44,3.6129999999999507,3.1709199999999647,0.9648883111111111
246,225958,240,933.58,1.0,0.45,0.5270000000000004,3.1200999999999657,0.9648509777777777
247,227158,1200,933.58,0.0,0.45,3.0799999999999548,3.0921699999999657,0.9646643111111111
248,227439,281,924.39,1.0,0.46,0.6580000000000005,3.0614799999999662,0.9646206
249,228639,1200,925.89,0.0,0.45,2.7729999999999686,3.038019999999966,0.9644339333333334
250,229119,480,918.69,1.0,0.46,1.1539999999999977,3.0061199999999673,0.9643592666666667
251,230066,947,921.9,1.0,0.46,2.062999999999968,2.9994299999999674,0.9642119555555555
252,231031,965,919.55,1.0,0.47,2.339999999999984,2.9757099999999674,0.9640618444444444
253,232231,1200,921.46,0.0,0.46,3.31599999999997,2.974709999999967,0.9638751777777778
254,233431,1200,921.46,0.0,0.46,2.3149999999999524,2.942979999999967,0.9636885111111111
255,234137,706,927.68,1.0,0.46,2.5189999999999833,2.9643499999999676,0.9635786888888889
256,235337,1200,927.68,0.0,0.46,3.7529999999999597,2.9563799999999674,0.9633920222222222
257,236537,1200,927.68,0.0,0.46,3.720999999999946,2.9461899999999672,0.9632053555555555
258,237582,1045,929.69,1.0,0.46,2.5139999999999607,2.9503399999999673,0.9630428
259,238125,543,928.59,1.0,0.46,0.9200000000000007,2.935129999999967,0.9629583333333334
260,239162,1037,926.96,1.0,0.47,2.053999999999974,2.8946199999999673,0.9627970222222222
261,239509,347,924.63,1.0,0.47,0.8080000000000006,2.8792599999999675,0.9627430444444445
262,240709,1200,926.4,0.0,0.46,2.950999999999931,2.861679999999968,0.9625563777777778
263,241909,1200,938.16,0.0,0.45,2.547999999999968,2.886089999999967,0.9623697111111111
264,243058,1149,937.65,1.0,0.46,2.7659999999999356,2.874109999999967,0.9621909777777777
265,244181,1123,947.62,1.0,0.46,2.876999999999957,2.899579999999966,0.9620162888888889
266,244401,220,937.82,1.0,0.47,0.3970000000000003,2.8684399999999663,0.9619820666666666
267,245601,1200,937.82,0.0,0.47,2.715999999999949,2.8603099999999673,0.9617954
268,246801,1200,937.82,0.0,0.47,2.883999999999962,2.8448699999999665,0.9616087333333333
269,247830,1029,944.54,1.0,0.47,1.836999999999977,2.8551899999999666,0.9614486666666666
270,249009,1179,952.68,1.0,0.47,2.41799999999995,2.8699899999999663,0.9612652666666667
271,250209,1200,960.64,0.0,0.46,1.9399999999999646,2.8729199999999664,0.9610786
272,251059,850,957.14,1.0,0.47,2.8039999999999696,2.851799999999966,0.9609463777777778
273,251618,559,950.73,1.0,0.48,0.6440000000000005,2.8252699999999664,0.9608594222222222
274,252818,1200,960.48,0.0,0.47,2.3919999999999564,2.839349999999966,0.9606727555555555
275,254018,1200,960.48,0.0,0.47,2.6179999999999426,2.812799999999967,0.9604860888888889
276,255132,1114,959.62,1.0,0.48,2.6619999999999417,2.796509999999966,0.9603128
277,256332,1200,965.38,1.0,0.48,3.9689999999999683,2.818499999999966,0.9601261333333333
278,257532,1200,965.38,0.0,0.48,4.47499999999996,2.823879999999966,0.9599394666666666
279,257873,341,960.74,1.0,0.48,0.7120000000000005,2.8094599999999668,0.9598864222222222
280,258745,872,963.88,1.0,0.48,2.160999999999979,2.814519999999967,0.9597507777777777
281,259600,855,960.43,1.0,0.49,1.6959999999999815,2.7983399999999663,0.9596177777777778
282,260800,1200,960.43,0.0,0.49,3.1369999999999543,2.7818399999999666,0.9594311111111111
283,261210,410,952.53,1.0,0.5,0.6850000000000005,2.746799999999967,0.9593673333333333
284,262410,1200,952.53,0.0,0.5,3.5159999999999423,2.7462299999999664,0.9591806666666667
285,263610,1200,952.53,0.0,0.5,2.9079999999999457,2.7220299999999673,0.958994
286,264810,1200,962.76,0.0,0.49,2.7199999999999522,2.7458499999999675,0.9588073333333333
287,266010,1200,964.61,0.0,0.48,4.402999999999946,2.7572999999999666,0.9586206666666667
288,266932,922,961.83,1.0,0.49,1.8259999999999768,2.7401199999999664,0.9584772444444445
289,267546,614,955.97,1.0,0.5,1.1989999999999967,2.701069999999967,0.9583817333333333
290,268746,1200,955.97,0.0,0.5,2.8039999999999576,2.6830999999999676,0.9581950666666667
291,269421,675,955.47,1.0,0.5,0.8830000000000007,2.674179999999968,0.9580900666666666
292,270621,1200,955.47,0.0,0.5,1.882999999999968,2.6385699999999686,0.9579034
293,271821,1200,956.4,0.0,0.49,4.363999999999942,2.655779999999968,0.9577167333333333
294,273021,1200,956.4,0.0,0.49,3.2969999999999695,2.6512899999999684,0.9575300666666666
295,273795,774,952.14,1.0,0.5,0.8220000000000006,2.625529999999969,0.9574096666666667
296,274995,1200,961.42,0.0,0.49,1.6269999999999771,2.6313699999999676,0.957223
297,275081,86,950.28,1.0,0.5,0.17900000000000013,2.575699999999969,0.9572096222222222
298,276281,1200,955.86,0.0,0.49,1.5789999999999813,2.5754599999999694,0.9570229555555556
299,277481,1200,955.86,0.0,0.49,2.3869999999999636,2.557229999999969,0.9568362888888889
300,278124,643,950.29,1.0,0.5,1.5969999999999915,2.5414599999999687,0.9567362666666667
301,279324,1200,950.79,0.0,0.49,3.49899999999997,2.534559999999969,0.9565496
302,280319,995,948.74,1.0,0.5,2.6309999999999634,2.5206199999999694,0.9563948222222223
303,281519,1200,948.74,0.0,0.5,2.51499999999994,2.514699999999969,0.9562081555555556
304,282719,1200,948.74,0.0,0.5,2.334999999999961,2.493389999999969,0.9560214888888889
305,283919,1200,948.74,0.0,0.5,1.6159999999999797,2.471279999999969,0.9558348222222223
306,284730,811,944.85,1.0,0.51,1.4149999999999858,2.4444899999999694,0.9557086666666667
307,285031,301,941.16,1.0,0.51,0.5910000000000004,2.43393999999997,0.9556618444444445
308,286231,1200,941.16,0.0,0.51,2.311999999999946,2.42883999999997,0.9554751777777778
309,287431,1200,946.78,0.0,0.5,4.073999999999964,2.4529899999999696,0.9552885111111111
310,288631,1200,946.78,0.0,0.5,3.7099999999999747,2.4339099999999703,0.9551018444444445
311,289566,935,944.13,1.0,0.51,1.669999999999979,2.4015499999999705,0.9549564
312,290766,1200,944.13,0.0,0.51,1.8819999999999684,2.38249999999997,0.9547697333333334
313,291411,645,940.32,1.0,0.51,1.0129999999999997,2.351189999999971,0.9546694
314,292611,1200,940.32,0.0,0.51,2.5909999999999545,2.336899999999971,0.9544827333333333
315,292884,273,931.05,1.0,0.52,0.7250000000000005,2.2938699999999717,0.9544402666666667
316,293925,1041,929.46,1.0,0.53,1.5899999999999745,2.2751399999999715,0.9542783333333333
317,295125,1200,932.39,0.0,0.52,3.091999999999945,2.2877499999999715,0.9540916666666667
318,296325,1200,934.99,0.0,0.51,2.1639999999999726,2.278679999999971,0.953905
319,296966,641,936.3,1.0,0.51,1.0080000000000007,2.2726399999999716,0.9538052888888889
320,298166,1200,936.3,0.0,0.51,2.1419999999999555,2.2601799999999717,0.9536186222222223
321,299099,933,933.63,1.0,0.52,2.1759999999999713,2.245589999999971,0.9534734888888889
322,300299,1200,937.02,0.0,0.51,2.5329999999999657,2.2439199999999713,0.9532868222222222
323,300701,402,929.04,1.0,0.52,0.4290000000000003,2.2198599999999717,0.9532242888888889
324,300812,111,918.15,1.0,0.53,0.22000000000000014,2.192339999999972,0.9532070222222222
325,301329,517,911.32,1.0,0.54,1.1859999999999917,2.164299999999973,0.9531266
326,301454,125,906.03,1.0,0.54,0.21200000000000016,2.1530099999999726,0.9531071555555556
327,302654,1200,910.63,0.0,0.53,3.4559999999999658,2.1717199999999726,0.9529204888888889
328,303854,1200,911.59,0.0,0.52,2.6129999999999387,2.163429999999972,0.9527338222222222
329,305054,1200,911.59,0.0,0.52,3.450999999999954,2.1682199999999723,0.9525471555555556
330,306070,1016,909.75,1.0,0.53,1.758999999999973,2.1465299999999727,0.9523891111111111
331,307270,1200,909.75,0.0,0.53,1.5009999999999766,2.142009999999973,0.9522024444444445
332,307619,349,901.24,1.0,0.54,1.0709999999999988,2.118439999999973,0.9521481555555555
333,308819,1200,906.38,0.0,0.53,2.1659999999999617,2.1247099999999732,0.9519614888888889
334,309695,876,910.0,1.0,0.53,1.5469999999999808,2.121939999999973,0.9518252222222222
335,309994,299,911.26,1.0,0.53,0.2710000000000002,2.1191999999999727,0.9517787111111111
336,310990,996,917.52,1.0,0.53,1.7649999999999726,2.1258299999999726,0.9516237777777777
337,311544,554,920.05,1.0,0.53,0.7530000000000006,2.126969999999973,0.9515376
338,312744,1200,920.05,0.0,0.53,1.3429999999999847,2.0877899999999734,0.9513509333333333
339,313944,1200,920.05,0.0,0.53,4.1149999999999824,2.0898199999999734,0.9511642666666666
340,315144,1200,922.11,0.0,0.52,2.5609999999999333,2.094589999999973,0.9509776
341,316286,1142,932.7,1.0,0.52,1.4829999999999703,2.1071099999999725,0.9507999555555555
342,316649,363,929.03,1.0,0.52,0.33400000000000024,2.090749999999973,0.9507434888888889
343,317849,1200,936.47,0.0,0.51,1.2139999999999906,2.088789999999973,0.9505568222222223
344,319049,1200,945.31,0.0,0.5,1.4089999999999856,2.0955399999999726,0.9503701555555556
345,319640,591,939.22,1.0,0.51,1.0309999999999997,2.0697199999999736,0.9502782222222222
346,320669,1029,947.11,1.0,0.51,1.813999999999979,2.082589999999973,0.9501181555555556
347,321869,1200,947.11,0.0,0.51,1.5079999999999798,2.0668699999999736,0.9499314888888889
348,322912,1043,954.73,1.0,0.51,2.369999999999956,2.083989999999973,0.9497692444444444
349,324112,1200,954.73,0.0,0.51,1.52099999999998,2.071469999999973,0.9495825777777778
350,325312,1200,961.93,0.0,0.5,2.730999999999939,2.0872399999999725,0.9493959111111111
351,326178,866,961.12,1.0,0.5,1.9859999999999745,2.086469999999972,0.9492612
352,326425,247,953.94,1.0,0.5,0.47500000000000037,2.0678199999999722,0.9492227777777777
353,327415,990,951.84,1.0,0.51,2.0839999999999788,2.0554999999999723,0.9490687777777778
354,328615,1200,951.84,0.0,0.51,1.9249999999999634,2.0515999999999726,0.9488821111111111
355,329815,1200,956.78,0.0,0.5,2.31499999999994,2.0495599999999725,0.9486954444444444
356,331015,1200,956.78,0.0,0.5,1.7849999999999708,2.0298799999999724,0.9485087777777778
357,331505,490,949.68,1.0,0.51,0.7610000000000006,2.0002799999999725,0.9484325555555555
358,332705,1200,951.23,0.0,0.5,1.6549999999999694,1.9916899999999729,0.9482458888888889
359,333905,1200,957.8,0.0,0.49,2.9119999999999533,2.0116099999999726,0.9480592222222222
360,334076,171,949.14,1.0,0.49,0.25000000000000017,1.993569999999973,0.9480326222222222
361,334514,438,950.05,1.0,0.49,0.8130000000000006,1.9936199999999726,0.9479644888888888
362,335714,1200,950.05,0.0,0.49,2.6279999999999233,1.9903899999999728,0.9477778222222222
363,336743,1029,948.34,1.0,0.5,0.9020000000000007,1.973929999999973,0.9476177555555556
364,337943,1200,948.85,0.0,0.49,1.8159999999999719,1.964429999999973,0.9474310888888889
365,338315,372,941.34,1.0,0.49,0.46700000000000036,1.9403299999999737,0.9473732222222222
366,339431,1116,950.3,1.0,0.49,2.1869999999999665,1.9582299999999733,0.9471996222222222
367,340558,1127,949.57,1.0,0.5,2.1539999999999724,1.9526099999999735,0.9470243111111111
368,340772,214,939.71,1.0,0.51,0.23500000000000018,1.926119999999974,0.9469910222222222
369,341372,600,935.42,1.0,0.51,1.0969999999999964,1.9187199999999742,0.9468976888888889
370,342159,787,931.5,1.0,0.51,1.0809999999999986,1.9053499999999746,0.9467752666666667
371,343359,1200,931.5,0.0,0.51,1.5039999999999714,1.9009899999999749,0.9465886
372,344559,1200,935.0,0.0,0.5,2.201999999999947,1.8949699999999745,0.9464019333333333
373,345759,1200,941.41,0.0,0.49,1.5149999999999757,1.903679999999974,0.9462152666666667
374,346959,1200,941.41,0.0,0.49,3.6549999999999554,1.9163099999999742,0.9460286
375,348159,1200,941.41,0.0,0.49,2.128999999999958,1.9114199999999744,0.9458419333333333
376,349083,924,939.51,1.0,0.49,1.5709999999999786,1.9005099999999746,0.9456982
377,350211,1128,938.79,1.0,0.49,1.5949999999999809,1.876769999999975,0.9455227333333334
378,351411,1200,938.79,0.0,0.49,1.9439999999999653,1.8514599999999748,0.9453360666666667
379,352611,1200,947.38,0.0,0.48,1.7869999999999662,1.8622099999999744,0.9451494
380,353360,749,946.15,1.0,0.48,0.9290000000000007,1.849889999999975,0.9450328888888889
381,354560,1200,949.6,0.0,0.47,0.7790000000000006,1.8407199999999753,0.9448462222222223
382,355760,1200,949.6,0.0,0.47,1.2509999999999886,1.8218599999999756,0.9446595555555556
383,356838,1078,956.28,1.0,0.47,2.0919999999999677,1.835929999999975,0.9444918666666666
384,357564,726,951.54,1.0,0.48,1.1689999999999934,1.8124599999999753,0.9443789333333333
385,358764,1200,951.54,0.0,0.48,1.9419999999999737,1.8027999999999758,0.9441922666666667
386,359964,1200,951.54,0.0,0.48,2.287999999999957,1.7984799999999759,0.9440056
387,360480,516,944.7,1.0,0.49,0.4950000000000004,1.7593999999999768,0.9439253333333333
388,361680,1200,947.48,0.0,0.48,2.08799999999997,1.7620199999999764,0.9437386666666667
389,362535,855,949.89,1.0,0.48,1.2499999999999911,1.7625299999999766,0.9436056666666667
390,363735,1200,949.89,0.0,0.48,1.3159999999999892,1.7476499999999768,0.943419
391,364935,1200,955.14,0.0,0.47,1.4339999999999837,1.753159999999977,0.9432323333333333
392,365084,149,944.63,1.0,0.48,0.4190000000000003,1.7385199999999772,0.9432091555555555
393,366284,1200,944.63,0.0,0.48,2.0289999999999737,1.7151699999999772,0.9430224888888888
394,367484,1200,944.63,0.0,0.48,1.4459999999999813,1.6966599999999772,0.9428358222222222
395,368260,776,944.65,1.0,0.48,1.2809999999999917,1.7012499999999773,0.9427151111111112
396,369460,1200,944.65,0.0,0.48,1.155999999999992,1.6965399999999773,0.9425284444444444
397,370660,1200,955.79,0.0,0.47,2.232999999999962,1.7170799999999773,0.9423417777777778
398,371860,1200,955.79,0.0,0.47,2.6749999999999745,1.728039999999977,0.942155111111111
399,373060,1200,955.79,0.0,0.47,1.5059999999999771,1.7192299999999774,0.9419684444444445
400,374260,1200,961.36,0.0,0.46,2.2149999999999554,1.725409999999977,0.9417817777777778
401,375460,1200,961.36,0.0,0.46,1.3449999999999802,1.7038699999999767,0.9415951111111112
402,376660,1200,963.41,0.0,0.45,0.9570000000000007,1.6871299999999767,0.9414084444444445
403,377378,718,958.59,1.0,0.46,1.2179999999999924,1.6741599999999772,0.9412967555555556
404,378578,1200,958.59,0.0,0.46,1.9129999999999627,1.6699399999999776,0.9411100888888889
405,379778,1200,958.59,0.0,0.46,1.9659999999999647,1.6734399999999774,0.9409234222222222
406,380978,1200,962.48,0.0,0.45,3.1559999999999326,1.6908499999999764,0.9407367555555556
407,382178,1200,971.47,0.0,0.44,2.2869999999999586,1.7078099999999763,0.9405500888888889
408,382637,459,964.06,1.0,0.45,0.36500000000000027,1.688339999999977,0.9404786888888889
409,383101,464,956.7,1.0,0.46,0.8290000000000006,1.6558899999999774,0.9404065111111111
410,384301,1200,956.7,0.0,0.46,2.7769999999999477,1.6465599999999774,0.9402198444444444
411,385501,1200,959.35,0.0,0.45,1.1669999999999918,1.6415299999999777,0.9400331777777777
412,385708,207,949.42,1.0,0.46,0.32500000000000023,1.6259599999999779,0.9400009777777778
413,386908,1200,954.97,0.0,0.45,1.3889999999999798,1.6297199999999776,0.9398143111111111
414,388108,1200,954.97,0.0,0.45,2.282999999999975,1.6266399999999779,0.9396276444444445
415,389308,1200,964.24,0.0,0.44,1.816999999999972,1.6375599999999773,0.9394409777777778
416,389497,189,955.72,1.0,0.44,0.1220000000000001,1.622879999999978,0.9394115777777777
417,389946,449,948.21,1.0,0.45,0.3770000000000003,1.5957299999999788,0.9393417333333334
418,391146,1200,948.21,0.0,0.45,1.3389999999999862,1.5874799999999787,0.9391550666666667
419,391890,744,949.24,1.0,0.45,0.9910000000000008,1.5873099999999787,0.9390393333333333
420,393090,1200,949.24,0.0,0.45,2.204999999999953,1.5879399999999788,0.9388526666666667
421,394290,1200,951.91,0.0,0.44,1.9509999999999603,1.5856899999999785,0.938666
422,394715,425,944.16,1.0,0.45,0.18500000000000014,1.5622099999999788,0.9385998888888889
423,395494,779,947.93,1.0,0.45,1.1679999999999928,1.5695999999999788,0.9384787111111111
424,396201,707,953.89,1.0,0.45,0.5290000000000004,1.5726899999999784,0.9383687333333334
425,397401,1200,960.72,0.0,0.44,0.8760000000000007,1.5695899999999787,0.9381820666666667
426,397816,415,963.62,1.0,0.44,0.6560000000000005,1.574029999999979,0.9381175111111111
427,398621,805,959.67,1.0,0.45,0.7400000000000005,1.5468699999999789,0.9379922888888889
428,399303,682,954.49,1.0,0.46,0.9380000000000007,1.5301199999999795,0.9378862
429,400503,1200,954.49,0.0,0.46,1.7699999999999774,1.5133099999999797,0.9376995333333333
430,401215,712,951.45,1.0,0.46,1.2529999999999888,1.5082499999999799,0.9375887777777778
431,402415,1200,951.45,0.0,0.46,1.1499999999999948,1.50473999999998,0.9374021111111112
432,403302,887,956.83,1.0,0.46,0.8140000000000006,1.5021699999999802,0.9372641333333334
433,404502,1200,956.83,0.0,0.46,1.9929999999999726,1.5004399999999802,0.9370774666666667
434,405702,1200,960.07,0.0,0.45,1.5479999999999803,1.5004499999999803,0.9368908
435,406902,1200,969.08,0.0,0.44,1.5599999999999785,1.51333999999998,0.9367041333333334
436,408102,1200,971.12,0.0,0.43,1.9589999999999574,1.5152799999999795,0.9365174666666667
437,408815,713,972.71,1.0,0.43,0.8370000000000006,1.5161199999999797,0.9364065555555555
438,409911,1096,971.67,1.0,0.44,1.632999999999974,1.5190199999999796,0.9362360666666667
439,411111,1200,971.67,0.0,0.44,1.6729999999999685,1.4945999999999797,0.9360494
440,411811,700,966.67,1.0,0.45,0.6100000000000004,1.4750899999999805,0.9359405111111111
441,413011,1200,967.25,0.0,0.44,1.3679999999999801,1.4739399999999807,0.9357538444444444
442,414211,1200,975.62,0.0,0.43,1.2989999999999804,1.4835899999999804,0.9355671777777778
443,415214,1003,973.65,1.0,0.44,0.9820000000000008,1.48126999999998,0.9354111555555555
444,416076,862,970.27,1.0,0.45,0.8350000000000006,1.4755299999999805,0.9352770666666667
445,417276,1200,976.36,0.0,0.44,2.3159999999999514,1.48837999999998,0.9350904
446,418476,1200,978.07,0.0,0.43,1.1039999999999943,1.4812799999999802,0.9349037333333333
447,419144,668,972.75,1.0,0.44,0.6940000000000005,1.4731399999999801,0.9347998222222222
448,420344,1200,974.32,0.0,0.43,1.383999999999982,1.4632799999999804,0.9346131555555556
449,420930,586,968.18,1.0,0.44,0.8860000000000007,1.4569299999999807,0.934522
450,422130,1200,968.18,0.0,0.44,1.6429999999999825,1.4460499999999812,0.9343353333333333
451,422230,100,960.52,1.0,0.44,0.07900000000000006,1.4269799999999817,0.9343197777777777
452,423430,1200,970.05,0.0,0.43,1.0070000000000003,1.4322999999999817,0.9341331111111111
453,424209,779,967.94,1.0,0.43,0.7530000000000006,1.4189899999999822,0.9340119333333333
454,425409,1200,967.94,0.0,0.43,0.9510000000000007,1.4092499999999826,0.9338252666666667
455,426609,1200,967.94,0.0,0.43,1.1149999999999938,1.3972499999999828,0.9336386
456,427809,1200,967.94,0.0,0.43,1.1199999999999957,1.390599999999983,0.9334519333333333
457,428988,1179,974.83,1.0,0.43,1.3559999999999806,1.3965499999999826,0.9332685333333334
458,430188,1200,974.83,0.0,0.43,1.4399999999999842,1.3943999999999832,0.9330818666666667
459,430553,365,966.48,1.0,0.44,0.2630000000000002,1.3679099999999838,0.9330250888888889
460,431219,666,971.43,1.0,0.44,0.6280000000000004,1.3716899999999839,0.9329214888888889
461,432339,1120,978.25,1.0,0.44,1.1979999999999875,1.3755399999999836,0.9327472666666666
462,433539,1200,978.25,0.0,0.44,2.0119999999999765,1.3693799999999836,0.9325606
463,433607,68,968.64,1.0,0.44,0.05300000000000003,1.3608899999999837,0.9325500222222223
464,434135,528,961.92,1.0,0.45,0.4100000000000003,1.3468299999999838,0.9324678888888889
465,434337,202,960.22,1.0,0.45,0.47400000000000037,1.3468999999999838,0.9324364666666667
466,434562,225,951.31,1.0,0.45,0.2470000000000002,1.3274999999999844,0.9324014666666667
467,435762,1200,952.04,0.0,0.44,1.8479999999999723,1.3244399999999843,0.9322148
468,436962,1200,961.9,0.0,0.43,2.5519999999999503,1.347609999999984,0.9320281333333333
469,437970,1008,965.98,1.0,0.43,0.8190000000000006,1.3448299999999842,0.9318713333333333
470,439140,1170,969.81,1.0,0.43,0.8340000000000006,1.342359999999984,0.9316893333333334
471,439617,477,962.58,1.0,0.44,0.4280000000000003,1.3315999999999841,0.9316151333333333
472,440738,1121,961.79,1.0,0.45,1.208999999999993,1.3216699999999846,0.9314407555555555
473,441294,556,955.35,1.0,0.46,0.33900000000000025,1.309909999999985,0.9313542666666667
474,442494,1200,955.35,0.0,0.46,1.985999999999976,1.2932199999999852,0.9311676
475,443694,1200,955.35,0.0,0.46,1.4379999999999706,1.2863099999999852,0.9309809333333333
476,443851,157,947.68,1.0,0.46,0.12000000000000008,1.2717999999999856,0.9309565111111111
477,445051,1200,948.4,0.0,0.45,1.0030000000000003,1.265879999999986,0.9307698444444444
478,445318,267,939.07,1.0,0.46,0.25400000000000017,1.2489799999999862,0.9307283111111111
479,446518,1200,939.07,0.0,0.46,1.1849999999999892,1.2429599999999865,0.9305416444444444
480,447718,1200,943.58,0.0,0.45,1.9149999999999763,1.252819999999986,0.9303549777777778
481,448918,1200,943.58,0.0,0.45,1.6369999999999731,1.2613999999999859,0.9301683111111111
482,449086,168,933.26,1.0,0.46,0.07600000000000005,1.2496499999999857,0.9301421777777777
483,450100,1014,932.62,1.0,0.46,1.4219999999999795,1.242949999999986,0.9299844444444445
484,450768,668,932.04,1.0,0.46,0.9920000000000008,1.241179999999986,0.9298805333333333
485,451778,1010,930.14,1.0,0.47,1.1759999999999884,1.2335199999999862,0.9297234222222223
486,452686,908,927.22,1.0,0.48,0.9960000000000008,1.2205999999999866,0.9295821777777777
487,453886,1200,934.06,0.0,0.47,1.0139999999999991,1.2257899999999864,0.9293955111111111
488,454079,193,923.99,1.0,0.48,0.1420000000000001,1.2063299999999868,0.9293654888888889
489,455279,1200,927.44,0.0,0.47,1.903999999999967,1.2128699999999866,0.9291788222222223
490,456479,1200,927.44,0.0,0.47,1.0309999999999988,1.2100199999999868,0.9289921555555556
491,456828,349,918.93,1.0,0.48,0.32300000000000023,1.1989099999999866,0.9289378666666667
492,458028,1200,929.44,0.0,0.47,1.0509999999999984,1.205229999999987,0.9287512
493,458185,157,919.01,1.0,0.48,0.21000000000000016,1.1870399999999872,0.9287267777777778
494,459385,1200,919.01,0.0,0.48,0.6810000000000005,1.1793899999999873,0.9285401111111111
495,459949,564,916.89,1.0,0.48,0.5310000000000004,1.1718899999999874,0.9284523777777778
496,461149,1200,916.89,0.0,0.48,1.605999999999979,1.1763899999999874,0.9282657111111111
497,462349,1200,916.89,0.0,0.48,2.2949999999999515,1.1770099999999872,0.9280790444444444
498,463549,1200,916.89,0.0,0.48,0.5840000000000004,1.1560999999999875,0.9278923777777778
499,464749,1200,916.89,0.0,0.48,1.772999999999972,1.1587699999999872,0.9277057111111111
500,464863,114,906.03,1.0,0.49,0.1360000000000001,1.1379799999999878,0.9276879777777778
501,466063,1200,906.03,0.0,0.49,1.816999999999957,1.1426999999999874,0.9275013111111111
502,466635,572,899.75,1.0,0.5,0.8020000000000006,1.1411499999999875,0.9274123333333333
503,467835,1200,904.57,0.0,0.49,1.5909999999999713,1.1448799999999872,0.9272256666666667
504,469035,1200,904.57,0.0,0.49,0.8110000000000006,1.1338599999999877,0.927039
505,469303,268,895.25,1.0,0.5,0.16300000000000012,1.115829999999988,0.9269973111111112
506,470503,1200,895.25,0.0,0.5,0.6740000000000005,1.091009999999989,0.9268106444444444
507,471161,658,889.83,1.0,0.51,0.6170000000000004,1.0743099999999892,0.9267082888888889
508,472361,1200,897.24,0.0,0.5,1.1099999999999965,1.0817599999999892,0.9265216222222222
509,472691,330,895.9,1.0,0.5,0.2420000000000002,1.0758899999999894,0.9264702888888889
510,473891,1200,895.9,0.0,0.5,0.9970000000000008,1.0580899999999898,0.9262836222222223
511,475091,1200,895.9,0.0,0.5,1.8509999999999676,1.0649299999999895,0.9260969555555556
512,475155,64,894.47,1.0,0.5,0.055000000000000035,1.0622299999999896,0.926087
513,475689,534,887.81,1.0,0.51,0.3980000000000003,1.0523199999999897,0.9260039333333333
514,476889,1200,887.81,0.0,0.51,0.9830000000000008,1.03931999999999,0.9258172666666666
515,478089,1200,887.81,0.0,0.51,1.4899999999999767,1.0360499999999901,0.9256306
516,479289,1200,897.92,0.0,0.5,1.3319999999999865,1.0481499999999897,0.9254439333333333
517,480489,1200,905.43,0.0,0.49,1.4389999999999792,1.0587699999999898,0.9252572666666666
518,480546,57,894.0,1.0,0.5,0.054000000000000034,1.0459199999999897,0.9252484
519,481746,1200,898.56,0.0,0.49,1.2389999999999897,1.0483999999999898,0.9250617333333333
520,482946,1200,898.56,0.0,0.49,1.0559999999999965,1.03690999999999,0.9248750666666666
521,484146,1200,898.56,0.0,0.49,1.3199999999999839,1.0305999999999902,0.9246884
522,484356,210,896.41,1.0,0.49,0.18200000000000013,1.0305699999999902,0.9246557333333334
523,485556,1200,900.62,0.0,0.48,0.5520000000000004,1.0244099999999903,0.9244690666666666
524,486328,772,901.27,1.0,0.48,0.47100000000000036,1.0238299999999905,0.9243489777777778
525,487528,1200,901.27,0.0,0.48,1.0299999999999996,1.0253699999999906,0.9241623111111111
526,488728,1200,909.12,0.0,0.47,1.3309999999999866,1.0321199999999904,0.9239756444444445
527,489928,1200,913.07,0.0,0.46,0.8170000000000006,1.0328899999999905,0.9237889777777778
528,490358,430,910.55,1.0,0.46,0.3180000000000002,1.0266899999999903,0.9237220888888888
529,491558,1200,910.55,0.0,0.46,1.0889999999999966,1.0198799999999906,0.9235354222222222
530,491921,363,907.06,1.0,0.46,0.3040000000000002,1.0103899999999906,0.9234789555555556
531,493121,1200,907.06,0.0,0.46,1.5949999999999696,1.0148399999999904,0.9232922888888889
532,494321,1200,910.19,0.0,0.45,1.5089999999999824,1.0217899999999904,0.9231056222222223
533,495348,1027,908.46,1.0,0.46,1.1669999999999843,1.0135299999999903,0.9229458666666667
534,496548,1200,908.46,0.0,0.46,0.7420000000000005,1.0054699999999905,0.9227592
535,497748,1200,908.46,0.0,0.46,1.2239999999999887,1.0021099999999907,0.9225725333333333
536,498948,1200,908.46,0.0,0.46,2.403999999999955,1.0065599999999906,0.9223858666666667
537,500148,1200,913.33,0.0,0.45,1.5069999999999752,1.0132599999999903,0.9221992
538,500414,266,905.03,1.0,0.45,0.17800000000000013,0.9987099999999905,0.9221578222222222
539,501361,947,902.5,1.0,0.46,0.4980000000000004,0.9869599999999908,0.9220105111111111
540,501715,354,899.04,1.0,0.46,0.1330000000000001,0.9821899999999908,0.9219554444444444
541,502421,706,894.1,1.0,0.47,0.4280000000000003,0.972789999999991,0.9218456222222222
542,503621,1200,894.1,0.0,0.47,1.3359999999999859,0.973159999999991,0.9216589555555555
543,504821,1200,896.07,0.0,0.46,1.3839999999999804,0.977179999999991,0.9214722888888889
544,506021,1200,899.45,0.0,0.45,0.6940000000000005,0.975769999999991,0.9212856222222222
545,507221,1200,899.45,1.0,0.46,0.8790000000000007,0.9613999999999916,0.9210989555555555
546,508421,1200,899.45,0.0,0.46,0.6560000000000005,0.9569199999999917,0.9209122888888889
547,508834,413,896.9,1.0,0.46,0.5650000000000004,0.9556299999999917,0.9208480444444445
548,508975,141,886.31,1.0,0.47,0.17600000000000013,0.9435499999999918,0.9208261111111111
549,509367,392,884.37,1.0,0.47,0.2990000000000002,0.9376799999999917,0.9207651333333333
550,509677,310,875.47,1.0,0.48,0.23600000000000018,0.9236099999999919,0.9207169111111111
551,510877,1200,886.47,0.0,0.47,0.8200000000000006,0.931019999999992,0.9205302444444444
552,511228,351,877.98,1.0,0.48,0.2870000000000002,0.9238199999999921,0.9204756444444444
553,511908,680,876.99,1.0,0.48,0.8470000000000006,0.9247599999999919,0.9203698666666666
554,512562,654,871.53,1.0,0.49,0.45700000000000035,0.9198199999999918,0.9202681333333333
555,513380,818,867.71,1.0,0.5,0.6170000000000004,0.9148399999999919,0.9201408888888889
556,514580,1200,867.71,0.0,0.5,1.4009999999999776,0.9176499999999916,0.9199542222222222
557,515780,1200,867.92,0.0,0.49,1.3769999999999738,0.9178599999999915,0.9197675555555556
558,516492,712,863.04,1.0,0.5,0.8220000000000006,0.9116799999999918,0.9196568
559,517692,1200,871.39,0.0,0.49,1.075999999999996,0.9198099999999918,0.9194701333333333
560,518892,1200,876.73,0.0,0.48,0.8300000000000006,0.9218299999999917,0.9192834666666667
561,520092,1200,877.53,0.0,0.47,1.8069999999999713,0.9279199999999916,0.9190967999999999
562,521292,1200,877.53,0.0,0.47,2.2799999999999647,0.9305999999999915,0.9189101333333334
563,522492,1200,888.85,0.0,0.46,1.0949999999999938,0.9410199999999915,0.9187234666666667
564,523692,1200,895.57,0.0,0.45,1.406999999999983,0.9509899999999913,0.9185368
565,524892,1200,905.55,0.0,0.44,0.5360000000000004,0.9516099999999913,0.9183501333333334
566,525022,130,904.6,1.0,0.44,0.10500000000000008,0.9501899999999914,0.9183299111111112
567,526222,1200,904.6,0.0,0.44,0.8580000000000007,0.9402899999999917,0.9181432444444444
568,527422,1200,904.6,0.0,0.44,0.8440000000000006,0.9232099999999922,0.9179565777777778
569,528139,717,901.69,1.0,0.44,0.5920000000000004,0.920939999999992,0.9178450444444445
570,528572,433,894.32,1.0,0.44,0.24000000000000019,0.9149999999999919,0.9177776888888889
571,529200,628,895.83,1.0,0.44,0.6770000000000005,0.917489999999992,0.91768
572,529266,66,885.28,1.0,0.44,0.037000000000000026,0.9057699999999922,0.9176697333333333
573,530466,1200,891.72,0.0,0.43,1.2129999999999868,0.9145099999999919,0.9174830666666667
574,531666,1200,891.72,0.0,0.43,0.5770000000000004,0.9004199999999923,0.9172964
575,532401,735,887.07,1.0,0.44,0.5140000000000003,0.8911799999999928,0.9171820666666667
576,533151,750,893.0,1.0,0.44,0.6980000000000005,0.8969599999999924,0.9170654
577,534351,1200,893.0,0.0,0.44,1.2619999999999911,0.8995499999999924,0.9168787333333334
578,535295,944,899.77,1.0,0.44,0.6860000000000005,0.9038699999999926,0.9167318888888889
579,535748,453,892.3,1.0,0.45,0.3970000000000003,0.8959899999999927,0.9166614222222222
580,535841,93,881.23,1.0,0.46,0.05200000000000003,0.8773599999999929,0.9166469555555555
581,536386,545,874.68,1.0,0.47,0.34200000000000025,0.8644099999999934,0.9165621777777778
582,537586,1200,885.0,0.0,0.46,0.6510000000000005,0.870159999999993,0.9163755111111112
583,537981,395,878.81,1.0,0.46,0.18500000000000014,0.8577899999999933,0.9163140666666667
584,539181,1200,884.13,0.0,0.45,2.3799999999999515,0.8716699999999927,0.9161274
585,539415,234,876.37,1.0,0.45,0.47200000000000036,0.8646299999999928,0.916091
586,540615,1200,879.29,0.0,0.44,1.3739999999999768,0.8684099999999926,0.9159043333333333
587,541087,472,872.01,1.0,0.45,0.5250000000000004,0.8635199999999927,0.9158309111111111
588,542287,1200,882.08,0.0,0.44,2.0709999999999518,0.8828099999999922,0.9156442444444445
589,542689,402,874.1,1.0,0.45,0.2450000000000002,0.8662199999999927,0.9155817111111111
590,543889,1200,874.1,0.0,0.45,1.2599999999999842,0.8685099999999925,0.9153950444444444
591,544976,1087,881.48,1.0,0.45,0.8060000000000006,0.8733399999999923,0.9152259555555555
592,545175,199,871.47,1.0,0.46,0.22900000000000018,0.8651199999999923,0.915195
593,546375,1200,881.9,0.0,0.45,0.9320000000000007,0.8723399999999925,0.9150083333333333
594,547575,1200,881.9,0.0,0.45,0.5570000000000004,0.8710999999999923,0.9148216666666666
595,548775,1200,888.26,0.0,0.44,0.7480000000000006,0.8732699999999924,0.914635
596,549975,1200,888.26,0.0,0.44,0.7790000000000006,0.8649999999999927,0.9144483333333333
597,550312,337,879.63,1.0,0.45,0.21600000000000016,0.8442099999999931,0.9143959111111111
598,551512,1200,879.63,0.0,0.45,0.6800000000000005,0.8451699999999931,0.9142092444444444
599,552712,1200,879.63,0.0,0.45,1.8159999999999759,0.845599999999993,0.9140225777777777
600,553912,1200,890.49,0.0,0.44,1.5239999999999776,0.8594799999999928,0.9138359111111111
601,554971,1059,889.08,1.0,0.45,0.5170000000000003,0.8464799999999932,0.9136711777777777
602,555224,253,885.89,1.0,0.45,0.1330000000000001,0.8397899999999932,0.9136318222222222
603,555509,285,876.74,1.0,0.46,0.1540000000000001,0.8254199999999934,0.9135874888888889
604,556191,682,871.56,1.0,0.47,0.6960000000000005,0.8242699999999934,0.9134814
605,557391,1200,880.88,0.0,0.46,0.8260000000000006,0.8308999999999935,0.9132947333333333
606,558591,1200,880.88,0.0,0.46,0.8910000000000007,0.8330699999999936,0.9131080666666667
607,559791,1200,886.3,0.0,0.45,1.1519999999999917,0.8384199999999936,0.9129214
608,560991,1200,886.3,0.0,0.45,1.0030000000000006,0.8373499999999936,0.9127347333333333
609,562191,1200,895.0,0.0,0.44,0.5430000000000004,0.8403599999999937,0.9125480666666667
610,562519,328,886.28,1.0,0.45,0.33400000000000024,0.8337299999999936,0.9124970444444445
611,563719,1200,886.28,0.0,0.45,1.078999999999995,0.826009999999994,0.9123103777777778
612,564919,1200,897.64,0.0,0.44,0.6770000000000005,0.832229999999994,0.9121237111111111
613,565868,949,901.79,1.0,0.44,0.7180000000000005,0.8354299999999939,0.9119760888888889
614,567068,1200,901.79,0.0,0.44,0.6810000000000005,0.8324099999999939,0.9117894222222223
615,568268,1200,901.79,0.0,0.44,0.6990000000000005,0.8244999999999942,0.9116027555555556
616,568559,291,892.7,1.0,0.45,0.22100000000000017,0.8133899999999943,0.9115574888888889
617,569171,612,886.82,1.0,0.46,0.3770000000000003,0.8027699999999943,0.9114622888888889
618,570371,1200,898.25,0.0,0.45,0.8830000000000007,0.8110599999999945,0.9112756222222222
619,571548,1177,898.02,1.0,0.46,1.4169999999999792,0.8128399999999942,0.9110925333333333
620,572748,1200,898.02,0.0,0.46,0.6950000000000005,0.8092299999999943,0.9109058666666666
621,573948,1200,898.02,0.0,0.46,1.7719999999999756,0.8137499999999943,0.9107192
622,574417,469,900.61,1.0,0.46,0.4070000000000003,0.8159999999999944,0.9106462444444444
623,575617,1200,900.61,0.0,0.46,1.4879999999999807,0.8253599999999942,0.9104595777777778
624,576817,1200,904.89,0.0,0.45,0.5560000000000004,0.8262099999999941,0.9102729111111111
625,578017,1200,904.89,0.0,0.45,0.7680000000000006,0.8235899999999942,0.9100862444444444
626,579217,1200,904.89,0.0,0.45,1.0729999999999988,0.8210099999999941,0.9098995777777777
627,580131,914,902.03,1.0,0.46,0.6480000000000005,0.8193199999999942,0.9097573999999999
628,581249,1118,908.91,1.0,0.46,0.8730000000000007,0.8248699999999942,0.9095834888888888
629,581673,424,901.15,1.0,0.47,0.22800000000000017,0.8162599999999942,0.9095175333333333
630,582873,1200,909.52,0.0,0.46,0.4890000000000004,0.8181099999999942,0.9093308666666666
631,584073,1200,909.52,0.0,0.46,0.7210000000000005,0.8093699999999947,0.9091442
632,585107,1034,907.86,1.0,0.47,1.274999999999994,0.8070299999999946,0.9089833555555555
633,586307,1200,909.59,0.0,0.46,0.7280000000000005,0.8026399999999948,0.9087966888888889
634,587001,694,904.53,1.0,0.47,0.2720000000000002,0.7979399999999949,0.9086887333333333
635,587823,822,900.75,1.0,0.48,0.45500000000000035,0.7902499999999949,0.9085608666666667
636,588829,1006,898.81,1.0,0.49,0.6450000000000005,0.7726599999999954,0.9084043777777777
637,590029,1200,898.81,0.0,0.49,0.9410000000000007,0.7669999999999958,0.9082177111111112
638,590160,131,897.46,1.0,0.49,0.16400000000000012,0.7668599999999957,0.9081973333333333
639,591078,918,897.17,1.0,0.49,0.8190000000000006,0.7700699999999956,0.9080545333333333
640,591953,875,902.38,1.0,0.49,0.7530000000000006,0.7762699999999957,0.9079184222222222
641,593153,1200,907.32,0.0,0.48,1.282999999999983,0.7848199999999956,0.9077317555555555
642,593264,111,896.43,1.0,0.49,0.05400000000000004,0.7719999999999956,0.9077144888888888
643,594464,1200,896.43,0.0,0.49,1.3089999999999853,0.7712499999999958,0.9075278222222223
644,595664,1200,896.43,0.0,0.49,1.3139999999999836,0.7774499999999955,0.9073411555555555
645,596864,1200,896.43,0.0,0.48,0.6350000000000005,0.7750099999999955,0.9071544888888889
646,598064,1200,896.43,0.0,0.48,0.6550000000000005,0.7749999999999955,0.9069678222222222
647,599264,1200,904.3,0.0,0.47,0.7720000000000006,0.7770699999999955,0.9067811555555556
648,600464,1200,914.89,0.0,0.46,0.45600000000000035,0.7798699999999957,0.9065944888888889
649,601013,549,916.46,1.0,0.46,0.1430000000000001,0.7783099999999956,0.9065090888888889
650,602055,1042,923.78,1.0,0.46,0.6070000000000004,0.7820199999999956,0.906347
651,603056,1001,921.79,1.0,0.47,0.6720000000000005,0.7805399999999955,0.9061912888888889
652,604256,1200,930.28,0.0,0.46,1.2069999999999885,0.7897399999999953,0.9060046222222222
653,605456,1200,935.48,0.0,0.45,0.6020000000000004,0.7872899999999955,0.9058179555555556
654,606262,806,937.0,1.0,0.45,0.5050000000000003,0.7877699999999954,0.9056925777777778
655,606679,417,932.99,1.0,0.45,0.16600000000000012,0.7832599999999954,0.9056277111111111
656,607085,406,925.05,1.0,0.46,0.18900000000000014,0.7711399999999956,0.9055645555555556
657,608285,1200,925.05,0.0,0.46,0.5120000000000003,0.7624899999999958,0.9053778888888889
658,609347,1062,928.55,1.0,0.46,0.8110000000000006,0.7623799999999961,0.905212688888889
659,610547,1200,928.55,0.0,0.46,0.4970000000000004,0.7565899999999961,0.9050260222222222
660,611109,562,922.17,1.0,0.47,0.22100000000000017,0.750499999999996,0.9049386
661,611751,642,916.59,1.0,0.48,0.3090000000000002,0.7355199999999962,0.9048387333333333
662,612951,1200,916.59,0.0,0.48,0.6290000000000004,0.7190099999999966,0.9046520666666666
663,613872,921,913.8,1.0,0.49,1.3189999999999833,0.7212499999999964,0.9045088
664,614095,223,904.03,1.0,0.5,0.10900000000000008,0.7082699999999966,0.9044741111111111
665,615295,1200,904.03,0.0,0.5,0.5980000000000004,0.7088899999999966,0.9042874444444444
666,616495,1200,914.73,0.0,0.49,0.7740000000000006,0.7155799999999966,0.9041007777777778
667,616831,336,906.09,1.0,0.5,0.17800000000000013,0.7087799999999964,0.9040485111111111
668,618031,1200,906.09,0.0,0.5,1.1829999999999863,0.7121699999999965,0.9038618444444444
669,619231,1200,910.92,0.0,0.49,0.4930000000000004,0.7111799999999966,0.9036751777777778
670,620068,837,914.96,1.0,0.49,0.4250000000000003,0.7130299999999964,0.9035449777777778
671,620441,373,912.41,1.0,0.49,0.21100000000000016,0.7083699999999965,0.9034869555555556
672,621149,708,918.83,1.0,0.49,0.7670000000000006,0.7156699999999964,0.9033768222222223
673,622349,1200,918.83,0.0,0.49,0.47700000000000037,0.7083099999999967,0.9031901555555556
674,622537,188,908.71,1.0,0.5,0.10600000000000008,0.7035999999999966,0.9031609111111111
675,623737,1200,913.36,0.0,0.49,0.7990000000000006,0.7064499999999967,0.9029742444444444
676,624937,1200,917.86,0.0,0.48,0.8920000000000007,0.7083899999999965,0.9027875777777777
677,625245,308,908.94,1.0,0.49,0.08500000000000006,0.6966199999999967,0.9027396666666667
678,625903,658,906.08,1.0,0.49,0.35700000000000026,0.6933299999999967,0.9026373111111111
679,626870,967,911.22,1.0,0.49,0.6180000000000004,0.6955399999999966,0.9024868888888888
680,627209,339,913.68,1.0,0.49,0.11200000000000009,0.6961399999999965,0.9024341555555555
681,627795,586,914.09,1.0,0.49,0.3080000000000002,0.6957999999999968,0.902343
682,628995,1200,914.09,0.0,0.49,0.7280000000000005,0.6965699999999966,0.9021563333333333
683,630195,1200,922.14,0.0,0.48,0.5060000000000003,0.6997799999999966,0.9019696666666667
684,631395,1200,922.14,0.0,0.48,0.6800000000000005,0.6827799999999974,0.901783
685,632589,1194,931.74,1.0,0.48,0.7250000000000005,0.6853099999999972,0.9015972666666667
686,633789,1200,931.74,0.0,0.48,0.5590000000000004,0.6771599999999974,0.9014106
687,634989,1200,939.02,0.0,0.47,0.6130000000000004,0.6780399999999974,0.9012239333333334
688,636189,1200,939.02,0.0,0.47,0.7360000000000005,0.664689999999998,0.9010372666666666
689,637339,1150,946.5,1.0,0.47,1.5499999999999803,0.6777399999999978,0.9008583777777778
690,638336,997,944.47,1.0,0.48,0.44900000000000034,0.669629999999998,0.9007032888888888
691,638612,276,936.36,1.0,0.48,0.11200000000000009,0.6626899999999978,0.9006603555555556
692,639508,896,943.33,1.0,0.48,0.5500000000000004,0.6658999999999977,0.9005209777777777
693,640119,611,937.44,1.0,0.49,0.2730000000000002,0.6593099999999977,0.9004259333333333
694,640657,538,930.82,1.0,0.5,0.2440000000000002,0.6561799999999978,0.9003422444444444
695,641014,357,922.39,1.0,0.51,0.09700000000000007,0.6496699999999977,0.9002867111111111
696,642214,1200,922.39,0.0,0.51,1.1139999999999932,0.6530199999999978,0.9001000444444445
697,642660,446,923.48,1.0,0.51,0.2690000000000002,0.6535499999999979,0.9000306666666666
698,643860,1200,923.48,0.0,0.51,0.5580000000000004,0.6523299999999979,0.899844
699,645060,1200,923.48,0.0,0.51,0.8260000000000006,0.6424299999999981,0.8996573333333333
700,646260,1200,923.48,0.0,0.51,0.5800000000000004,0.6329899999999983,0.8994706666666666
701,647460,1200,924.89,0.0,0.5,1.2299999999999793,0.640119999999998,0.899284
702,647714,254,924.9,1.0,0.5,0.1490000000000001,0.6402799999999981,0.8992444888888889
703,648473,759,929.64,1.0,0.5,0.43600000000000033,0.6430999999999982,0.8991264222222223
704,649673,1200,934.82,0.0,0.49,1.569999999999974,0.651839999999998,0.8989397555555556
705,650873,1200,934.82,0.0,0.49,0.7870000000000006,0.651449999999998,0.8987530888888889
706,651437,564,928.46,1.0,0.5,0.17100000000000012,0.6442499999999979,0.8986653555555555
707,651954,517,921.63,1.0,0.51,0.22600000000000017,0.6349899999999978,0.8985849333333333
708,653154,1200,921.63,0.0,0.51,1.3839999999999812,0.6387999999999977,0.8983982666666667
709,654354,1200,921.63,0.0,0.51,0.7200000000000005,0.6405699999999978,0.8982116
710,655554,1200,930.35,0.0,0.5,0.7270000000000005,0.6444999999999976,0.8980249333333333
711,655694,140,919.75,1.0,0.51,0.06900000000000005,0.6343999999999977,0.8980031555555555
712,656323,629,914.04,1.0,0.52,0.17200000000000013,0.6293499999999977,0.8979053111111112
713,657431,1108,915.63,1.0,0.52,0.5020000000000003,0.6271899999999978,0.8977329555555555
714,658396,965,913.28,1.0,0.53,0.4060000000000003,0.6244399999999978,0.8975828444444445
715,659012,616,907.44,1.0,0.54,0.2710000000000002,0.6201599999999978,0.8974870222222222
716,660212,1200,916.53,0.0,0.53,0.5570000000000004,0.6235199999999977,0.8973003555555555
717,660564,352,913.93,1.0,0.53,0.10700000000000008,0.6208199999999977,0.8972456
718,661764,1200,913.93,0.0,0.53,0.6190000000000004,0.6181799999999977,0.8970589333333333
719,662964,1200,914.16,0.0,0.52,0.7000000000000005,0.611009999999998,0.8968722666666666
720,664136,1172,913.88,1.0,0.53,0.6270000000000004,0.6103299999999979,0.8966899555555555
721,665333,1197,913.85,1.0,0.54,0.5460000000000004,0.5980699999999982,0.8965037555555555
722,666533,1200,921.16,0.0,0.53,0.7680000000000006,0.6016799999999982,0.896317088888889
723,666868,335,912.51,1.0,0.54,0.1360000000000001,0.5881599999999984,0.8962649777777778
724,667939,1071,911.22,1.0,0.55,0.44200000000000034,0.5870199999999983,0.8960983777777778
725,668811,872,907.94,1.0,0.56,0.3730000000000003,0.5830699999999984,0.8959627333333333
726,670011,1200,907.94,0.0,0.56,0.47100000000000036,0.5770499999999984,0.8957760666666666
727,670994,983,908.63,1.0,0.56,0.47200000000000036,0.5752899999999984,0.8956231555555556
728,671237,243,899.88,1.0,0.56,0.10300000000000008,0.5675899999999984,0.8955853555555555
729,671745,508,900.72,1.0,0.56,0.34300000000000025,0.5687399999999986,0.8955063333333333
730,672225,480,893.52,1.0,0.57,0.2730000000000002,0.5665799999999985,0.8954316666666666
731,672899,674,888.26,1.0,0.58,0.2950000000000002,0.5623199999999985,0.8953268222222223
732,674099,1200,889.92,0.0,0.57,0.5080000000000003,0.5546499999999985,0.8951401555555556
733,674826,727,885.19,1.0,0.58,0.2870000000000002,0.5502399999999985,0.8950270666666666
734,676026,1200,890.25,0.0,0.57,0.6340000000000005,0.5538599999999985,0.8948404
735,676591,565,887.68,1.0,0.57,0.2630000000000002,0.5519399999999984,0.8947525111111111
736,677791,1200,889.62,0.0,0.56,0.9480000000000007,0.5549699999999984,0.8945658444444444
737,678991,1200,889.62,0.0,0.56,0.7950000000000006,0.5535099999999984,0.8943791777777778
738,680191,1200,900.31,0.0,0.55,0.4090000000000003,0.5559599999999985,0.8941925111111111
739,680698,507,896.2,1.0,0.55,0.2840000000000002,0.5506099999999985,0.8941136444444444
740,681898,1200,899.45,0.0,0.54,0.7980000000000006,0.5510599999999984,0.8939269777777777
741,683098,1200,899.45,0.0,0.54,0.6820000000000005,0.5450499999999987,0.8937403111111111
742,684298,1200,910.34,0.0,0.53,0.9190000000000007,0.5536999999999987,0.8935536444444444
743,685498,1200,910.34,0.0,0.53,0.7800000000000006,0.5484099999999988,0.8933669777777777
744,685837,339,901.73,1.0,0.54,0.36300000000000027,0.538899999999999,0.8933142444444444
745,687037,1200,901.73,0.0,0.54,0.4150000000000003,0.5366999999999991,0.8931275777777777
746,687388,351,893.24,1.0,0.55,0.1540000000000001,0.531689999999999,0.8930729777777778
747,687546,158,882.82,1.0,0.56,0.07200000000000004,0.524689999999999,0.8930484
748,688182,636,877.18,1.0,0.57,0.17500000000000013,0.521879999999999,0.8929494666666666
749,689382,1200,883.69,0.0,0.56,0.6000000000000004,0.526449999999999,0.8927628
750,690582,1200,885.27,0.0,0.55,0.7780000000000006,0.5281599999999989,0.8925761333333333
751,691632,1050,885.76,1.0,0.55,0.2990000000000002,0.524429999999999,0.8924128
752,692832,1200,885.76,0.0,0.55,0.7690000000000006,0.520049999999999,0.8922261333333333
753,693715,883,882.59,1.0,0.56,0.4040000000000003,0.518069999999999,0.8920887777777777
754,694915,1200,886.53,0.0,0.55,0.32200000000000023,0.516239999999999,0.8919021111111112
755,695750,835,890.71,1.0,0.55,0.2940000000000002,0.517519999999999,0.8917722222222222
756,696950,1200,898.65,0.0,0.54,0.33800000000000024,0.5190099999999991,0.8915855555555555
757,698150,1200,898.65,0.0,0.54,0.5130000000000003,0.519019999999999,0.8913988888888889
758,699350,1200,900.03,0.0,0.53,0.8010000000000006,0.5189199999999989,0.8912122222222222
759,700550,1200,900.03,0.0,0.53,2.1159999999999632,0.5351099999999986,0.8910255555555555
760,701455,905,903.46,1.0,0.53,0.5480000000000004,0.5383799999999986,0.8908847777777777
761,702655,1200,909.04,0.0,0.52,0.4200000000000003,0.5394899999999987,0.8906981111111111
762,702772,117,898.21,1.0,0.53,0.05000000000000003,0.5336999999999987,0.8906799111111111
763,703215,443,893.43,1.0,0.53,0.20600000000000016,0.5225699999999989,0.890611
764,703841,626,897.46,1.0,0.53,0.2440000000000002,0.5239199999999988,0.8905136222222222
765,704702,861,894.07,1.0,0.54,0.3080000000000002,0.5210199999999988,0.8903796888888889
766,705649,947,891.54,1.0,0.55,0.5970000000000004,0.5192499999999989,0.8902323777777778
767,706849,1200,900.18,0.0,0.54,0.7390000000000005,0.5248599999999989,0.8900457111111111
768,707909,1060,898.78,1.0,0.55,0.4860000000000004,0.5178899999999989,0.8898808222222222
769,708748,839,895.17,1.0,0.56,0.3840000000000003,0.5167999999999989,0.8897503111111111
770,709373,625,893.05,1.0,0.56,0.5100000000000003,0.5176499999999989,0.8896530888888889
771,710573,1200,901.32,0.0,0.55,0.3730000000000003,0.5192699999999989,0.8894664222222223
772,711773,1200,906.24,0.0,0.54,0.6510000000000005,0.518109999999999,0.8892797555555556
773,712973,1200,906.24,0.0,0.54,0.6670000000000005,0.520009999999999,0.8890930888888889
774,713135,162,905.98,1.0,0.54,0.046000000000000034,0.5194099999999989,0.8890678888888889
775,713350,215,896.13,1.0,0.55,0.1310000000000001,0.512729999999999,0.8890344444444445
776,714550,1200,896.13,0.0,0.55,0.3030000000000002,0.506839999999999,0.8888477777777778
777,715750,1200,905.05,0.0,0.54,1.1539999999999948,0.5175299999999989,0.8886611111111111
778,716950,1200,910.47,0.0,0.53,0.8540000000000006,0.522499999999999,0.8884744444444445
779,718150,1200,912.8,0.0,0.52,0.5850000000000004,0.5221699999999989,0.8882877777777778
780,718486,336,912.77,1.0,0.52,0.36700000000000027,0.524719999999999,0.8882355111111111
781,718997,511,912.02,1.0,0.52,0.25400000000000017,0.524179999999999,0.8881560222222222
782,720047,1050,910.52,1.0,0.53,0.5680000000000004,0.5225799999999989,0.8879926888888889
783,721247,1200,910.52,0.0,0.53,0.36800000000000027,0.5211999999999989,0.8878060222222223
784,722447,1200,910.52,0.0,0.53,0.4860000000000004,0.5192599999999988,0.8876193555555556
785,722669,222,900.8,1.0,0.53,0.08700000000000006,0.512879999999999,0.8875848222222222
786,723287,618,894.98,1.0,0.54,0.2410000000000002,0.509699999999999,0.8874886888888889
787,724487,1200,894.98,0.0,0.54,0.7860000000000006,0.5114299999999989,0.8873020222222222
788,724794,307,886.05,1.0,0.55,0.3020000000000002,0.5070899999999989,0.8872542666666666
789,725789,995,884.5,1.0,0.55,0.35600000000000026,0.49514999999999915,0.8870994888888889
790,726989,1200,886.53,0.0,0.54,1.0389999999999977,0.5010499999999991,0.8869128222222222
791,727585,596,889.73,1.0,0.54,0.2760000000000002,0.5026899999999992,0.8868201111111111
792,728124,539,886.16,1.0,0.54,0.3830000000000003,0.5010199999999991,0.8867362666666667
793,728617,493,884.98,1.0,0.54,0.1540000000000001,0.49982999999999916,0.8866595777777778
794,729817,1200,891.6,0.0,0.53,0.34400000000000025,0.5008299999999992,0.8864729111111112
795,731017,1200,900.03,0.0,0.52,0.6000000000000004,0.5058599999999993,0.8862862444444445
796,732211,1194,899.97,1.0,0.53,0.47900000000000037,0.4995099999999993,0.8861005111111111
797,733411,1200,907.51,0.0,0.52,0.2840000000000002,0.49965999999999916,0.8859138444444444
798,733642,231,897.82,1.0,0.53,0.16700000000000012,0.4957499999999992,0.8858779111111111
799,734842,1200,897.82,0.0,0.53,0.6180000000000004,0.49366999999999917,0.8856912444444445
800,735513,671,892.53,1.0,0.54,0.35300000000000026,0.4913999999999992,0.8855868666666666
801,736713,1200,892.53,0.0,0.54,0.5150000000000003,0.4842499999999994,0.8854002
802,736753,40,890.39,1.0,0.54,0.028000000000000008,0.48303999999999936,0.8853939777777777
803,737953,1200,894.8,0.0,0.53,0.3890000000000003,0.4825699999999994,0.8852073111111112
804,738079,126,884.06,1.0,0.54,0.04400000000000003,0.46730999999999967,0.885187711111111
805,739279,1200,884.06,0.0,0.54,0.9000000000000007,0.4684399999999996,0.8850010444444445
806,740479,1200,890.42,0.0,0.53,0.34200000000000025,0.47014999999999957,0.8848143777777778
807,741239,760,892.85,1.0,0.53,0.21900000000000017,0.4700799999999996,0.8846961555555556
808,741590,351,884.36,1.0,0.54,0.11400000000000009,0.4573799999999998,0.8846415555555556
809,741985,395,876.31,1.0,0.55,0.1210000000000001,0.4513899999999998,0.8845801111111111
810,742651,666,870.97,1.0,0.56,0.23600000000000018,0.4464799999999998,0.8844765111111111
811,743608,957,879.14,1.0,0.56,0.5580000000000004,0.4513699999999999,0.8843276444444444
812,744808,1200,884.85,0.0,0.55,1.0109999999999995,0.45975999999999984,0.8841409777777778
813,745610,802,881.79,1.0,0.55,0.32100000000000023,0.4579499999999998,0.8840162222222222
814,746810,1200,884.14,0.0,0.54,0.9410000000000007,0.4632999999999998,0.8838295555555555
815,747846,1036,888.34,1.0,0.54,0.5070000000000003,0.4656599999999999,0.8836684
816,748380,534,881.68,1.0,0.55,0.2630000000000002,0.4627199999999998,0.8835853333333333
817,748441,61,878.77,1.0,0.55,0.033000000000000015,0.46197999999999984,0.8835758444444445
818,749426,985,876.62,1.0,0.56,0.34700000000000025,0.4592599999999998,0.8834226222222222
819,750551,1125,875.87,1.0,0.57,0.8600000000000007,0.4608599999999998,0.8832476222222222
820,751751,1200,876.15,0.0,0.56,0.7470000000000006,0.4620599999999998,0.8830609555555555
821,752205,454,868.72,1.0,0.56,0.25200000000000017,0.45911999999999986,0.8829903333333333
822,753405,1200,868.72,0.0,0.56,0.5010000000000003,0.4564499999999998,0.8828036666666667
823,754605,1200,877.37,0.0,0.55,0.6920000000000005,0.46200999999999987,0.882617
824,755805,1200,878.66,0.0,0.54,0.6220000000000004,0.4638099999999998,0.8824303333333333
825,757005,1200,881.94,0.0,0.53,0.6870000000000005,0.4669499999999998,0.8822436666666666
826,758205,1200,881.94,0.0,0.53,0.6890000000000005,0.4691299999999998,0.882057
827,759036,831,880.42,1.0,0.53,0.3870000000000003,0.4682799999999998,0.8819277333333333
828,760006,970,887.69,1.0,0.53,0.9110000000000007,0.4763599999999999,0.8817768444444445
829,761206,1200,894.61,0.0,0.52,0.5040000000000003,0.47796999999999984,0.8815901777777778
830,762406,1200,901.81,0.0,0.51,1.094999999999992,0.4861899999999998,0.8814035111111111
831,763499,1093,906.0,1.0,0.51,0.5760000000000004,0.48899999999999977,0.8812334888888889
832,764699,1200,906.0,0.0,0.51,0.7490000000000006,0.4914099999999998,0.8810468222222222
833,765064,365,902.38,1.0,0.51,0.3010000000000002,0.4915499999999998,0.8809900444444444
834,765715,651,896.89,1.0,0.52,0.32500000000000023,0.4884599999999999,0.8808887777777777
835,766197,482,896.06,1.0,0.52,0.1500000000000001,0.4873299999999998,0.8808138
836,767345,1148,895.54,1.0,0.53,0.5090000000000003,0.48293999999999976,0.8806352222222222
837,768036,691,890.45,1.0,0.54,0.22000000000000017,0.4771899999999997,0.8805277333333333
838,769236,1200,890.45,0.0,0.54,0.4160000000000003,0.4772599999999997,0.8803410666666667
839,770436,1200,897.38,0.0,0.53,0.5360000000000004,0.4797799999999997,0.8801544
840,771333,897,894.35,1.0,0.54,0.31900000000000023,0.4749899999999998,0.8800148666666666
841,772533,1200,894.35,0.0,0.54,0.6270000000000004,0.4744399999999998,0.8798282
842,772949,416,886.51,1.0,0.55,0.22300000000000017,0.4674799999999998,0.8797634888888889
843,774149,1200,886.51,0.0,0.55,0.47400000000000037,0.46441999999999983,0.8795768222222222
844,775349,1200,895.12,0.0,0.54,0.9620000000000007,0.4704099999999999,0.8793901555555556
845,776549,1200,895.12,0.0,0.54,0.46400000000000036,0.4708999999999998,0.8792034888888889
846,777749,1200,903.61,0.0,0.53,0.6070000000000004,0.4754299999999998,0.8790168222222222
847,778903,1154,913.57,1.0,0.53,0.44300000000000034,0.47913999999999973,0.8788373111111111
848,779983,1080,918.01,1.0,0.53,0.9530000000000007,0.4869199999999998,0.8786693111111111
849,781183,1200,918.01,0.0,0.53,0.45100000000000035,0.4854299999999998,0.8784826444444445
850,781899,716,913.17,1.0,0.54,0.3850000000000003,0.48149999999999976,0.8783712666666667
851,783099,1200,914.67,0.0,0.53,0.4970000000000004,0.4834799999999998,0.8781846
852,784299,1200,914.67,0.0,0.53,0.3910000000000003,0.4796999999999998,0.8779979333333333
853,784553,254,908.38,1.0,0.53,0.08500000000000006,0.47650999999999977,0.8779584222222222
854,785753,1200,908.38,0.0,0.53,0.3700000000000003,0.47698999999999975,0.8777717555555555
855,786463,710,907.13,1.0,0.53,0.25400000000000017,0.4765899999999998,0.8776613111111111
856,787083,620,901.33,1.0,0.54,0.43400000000000033,0.47754999999999975,0.8775648666666667
857,788283,1200,901.33,0.0,0.54,0.4170000000000003,0.4765899999999998,0.8773782
858,789044,761,896.94,1.0,0.55,0.43300000000000033,0.47290999999999966,0.8772598222222222
859,790244,1200,896.94,0.0,0.55,0.5290000000000004,0.4570400000000002,0.8770731555555555
860,791444,1200,899.89,0.0,0.54,0.7000000000000005,0.45856000000000025,0.8768864888888889
861,792644,1200,899.89,0.0,0.54,0.7640000000000006,0.46200000000000024,0.8766998222222222
862,793218,574,904.46,1.0,0.54,0.25600000000000017,0.4640600000000002,0.8766105333333334
863,794418,1200,912.03,0.0,0.53,0.5760000000000004,0.46776000000000023,0.8764238666666667
864,795618,1200,917.77,0.0,0.52,0.4860000000000004,0.47018000000000015,0.8762372
865,796129,511,914.27,1.0,0.52,0.3720000000000003,0.47082000000000007,0.8761577111111112
866,797183,1054,915.34,1.0,0.52,0.34900000000000025,0.4683400000000002,0.8759937555555556
867,798383,1200,915.34,0.0,0.52,0.5010000000000003,0.46596000000000015,0.8758070888888889
868,798970,587,910.61,1.0,0.52,0.21700000000000016,0.4632700000000002,0.8757157777777778
869,799696,726,909.48,1.0,0.52,0.35100000000000026,0.46294000000000013,0.8756028444444445
870,800896,1200,915.23,0.0,0.51,0.3080000000000002,0.4609200000000001,0.8754161777777778
871,801504,608,909.31,1.0,0.52,0.2820000000000002,0.4600100000000002,0.8753216
872,802036,532,902.63,1.0,0.53,0.2800000000000002,0.45630000000000015,0.8752388444444444
873,802883,847,899.1,1.0,0.54,0.5300000000000004,0.45493000000000017,0.8751070888888889
874,803780,897,906.45,1.0,0.54,0.44600000000000034,0.4589300000000002,0.8749675555555556
875,804980,1200,916.3,0.0,0.53,0.4820000000000004,0.46244000000000013,0.8747808888888888
876,805647,667,910.97,1.0,0.54,0.22300000000000017,0.4616400000000001,0.8746771333333334
877,806303,656,905.53,1.0,0.55,0.21600000000000016,0.4522600000000001,0.8745750888888889
878,807503,1200,905.53,0.0,0.55,0.44300000000000034,0.4481500000000002,0.8743884222222222
879,808703,1200,905.53,0.0,0.55,0.35200000000000026,0.44582000000000016,0.8742017555555556
880,809217,514,907.31,1.0,0.55,0.1550000000000001,0.4437000000000001,0.8741218
881,810055,838,910.58,1.0,0.55,0.43200000000000033,0.44548000000000015,0.8739914444444444
882,811255,1200,912.08,0.0,0.54,0.8020000000000006,0.44782000000000016,0.8738047777777778
883,812455,1200,912.08,0.0,0.54,0.6060000000000004,0.45020000000000027,0.8736181111111111
884,813017,562,905.7,1.0,0.55,0.2580000000000002,0.4479200000000002,0.873530688888889
885,813478,461,908.09,1.0,0.55,0.1220000000000001,0.44827000000000017,0.8734589777777778
886,814678,1200,913.91,0.0,0.54,0.8060000000000006,0.45392000000000016,0.8732723111111111
887,815878,1200,913.91,0.0,0.54,0.6700000000000005,0.45276000000000016,0.8730856444444445
888,816046,168,912.52,1.0,0.54,0.06600000000000004,0.4504000000000002,0.8730595111111111
889,817183,1137,913.94,1.0,0.54,0.5280000000000004,0.4521200000000002,0.8728826444444444
890,818383,1200,913.94,0.0,0.54,0.2710000000000002,0.4444400000000002,0.8726959777777779
891,819583,1200,919.98,0.0,0.53,0.3170000000000002,0.4448500000000003,0.8725093111111111
892,820350,767,922.26,1.0,0.53,0.2490000000000002,0.4435100000000002,0.87239
893,821550,1200,929.33,0.0,0.52,0.46900000000000036,0.4466600000000003,0.8722033333333333
894,822501,951,926.84,1.0,0.53,0.36600000000000027,0.4468800000000002,0.8720554
895,823701,1200,926.84,0.0,0.53,0.4860000000000004,0.4457400000000002,0.8718687333333333
896,823973,272,917.62,1.0,0.53,0.09400000000000007,0.4418900000000001,0.8718264222222222
897,825173,1200,917.62,0.0,0.53,0.33100000000000024,0.4423600000000002,0.8716397555555555
898,825666,493,920.24,1.0,0.53,0.10000000000000007,0.44169000000000025,0.8715630666666667
899,826866,1200,920.24,0.0,0.53,0.2750000000000002,0.4382600000000003,0.8713763999999999
900,827306,440,917.93,1.0,0.53,0.11900000000000009,0.4359200000000002,0.8713079555555555
901,828506,1200,917.93,0.0,0.53,0.36400000000000027,0.4344100000000002,0.8711212888888888
902,829706,1200,929.53,0.0,0.52,0.35500000000000026,0.4376800000000001,0.8709346222222223
903,830774,1068,928.21,1.0,0.53,0.6340000000000005,0.4401300000000002,0.8707684888888889
904,831974,1200,938.95,0.0,0.52,0.36600000000000027,0.44335000000000013,0.8705818222222222
905,832614,640,933.35,1.0,0.53,0.18400000000000014,0.43619000000000013,0.8704822666666667
906,833251,637,927.72,1.0,0.54,0.18400000000000014,0.4346100000000001,0.8703831777777777
907,834451,1200,932.12,0.0,0.53,0.5640000000000004,0.43806000000000017,0.8701965111111112
908,834703,252,931.13,1.0,0.53,0.1370000000000001,0.4382900000000001,0.8701573111111112
909,835903,1200,939.18,0.0,0.52,0.3920000000000003,0.4410000000000002,0.8699706444444444
910,836208,305,935.57,1.0,0.52,0.09700000000000007,0.4396100000000003,0.8699232
911,836592,384,929.84,1.0,0.52,0.1590000000000001,0.4356200000000002,0.8698634666666667
912,836792,200,919.84,1.0,0.53,0.10200000000000008,0.4265300000000002,0.8698323555555556
913,837992,1200,923.82,0.0,0.52,0.2660000000000002,0.42598000000000014,0.8696456888888888
914,839192,1200,923.82,0.0,0.52,0.45100000000000035,0.4210800000000002,0.8694590222222223
915,840392,1200,925.46,0.0,0.51,0.36200000000000027,0.41963000000000017,0.8692723555555556
916,841592,1200,932.12,0.0,0.5,0.6550000000000005,0.42355000000000026,0.8690856888888889
917,842792,1200,943.51,0.0,0.49,0.45400000000000035,0.42776000000000025,0.8688990222222222
918,843992,1200,945.66,0.0,0.48,0.34800000000000025,0.4277700000000002,0.8687123555555556
919,845192,1200,946.41,0.0,0.47,0.4970000000000004,0.42414000000000024,0.8685256888888889
920,846324,1132,945.73,1.0,0.48,0.3860000000000003,0.42053000000000024,0.8683495999999999
921,847524,1200,953.19,0.0,0.47,0.4900000000000004,0.42291000000000023,0.8681629333333334
922,848724,1200,953.19,0.0,0.47,0.7920000000000006,0.4258200000000003,0.8679762666666666
923,849924,1200,953.19,0.0,0.47,0.9110000000000007,0.4280100000000003,0.8677896
924,850236,312,944.31,1.0,0.48,0.07700000000000005,0.4225600000000002,0.8677410666666667
925,850326,90,933.21,1.0,0.49,0.02700000000000001,0.41596000000000016,0.8677270666666667
926,851526,1200,933.21,0.0,0.49,0.35900000000000026,0.41266000000000025,0.8675404
927,852726,1200,936.9,0.0,0.48,0.9280000000000007,0.41807000000000016,0.8673537333333333
928,853926,1200,939.2,0.0,0.47,0.32900000000000024,0.41225000000000017,0.8671670666666667
929,855126,1200,939.2,0.0,0.47,0.4020000000000003,0.4112300000000002,0.8669804
930,856326,1200,939.2,0.0,0.47,0.47000000000000036,0.4049800000000003,0.8667937333333333
931,857526,1200,940.27,0.0,0.46,0.4150000000000003,0.40337000000000023,0.8666070666666666
932,858726,1200,940.27,0.0,0.46,0.4070000000000003,0.39995000000000025,0.8664204
933,859046,320,939.82,1.0,0.46,0.21200000000000016,0.39906000000000036,0.8663706222222223
934,860246,1200,945.31,0.0,0.45,0.6760000000000005,0.4025700000000003,0.8661839555555555
935,861446,1200,952.49,0.0,0.44,0.3850000000000003,0.40492000000000034,0.8659972888888889
936,862400,954,950.55,1.0,0.44,0.36400000000000027,0.4034700000000002,0.8658488888888889
937,863163,763,951.27,1.0,0.44,0.2720000000000002,0.40399000000000024,0.8657302
938,863255,92,940.19,1.0,0.45,0.037000000000000026,0.40020000000000017,0.8657158888888888
939,864455,1200,940.19,0.0,0.45,1.0809999999999995,0.4056500000000003,0.8655292222222222
940,865329,874,939.96,1.0,0.45,0.25400000000000017,0.4050000000000002,0.8653932666666667
941,866529,1200,939.96,0.0,0.45,0.5350000000000004,0.4040800000000003,0.8652066
942,867729,1200,947.8,0.0,0.44,0.5400000000000004,0.4072500000000003,0.8650199333333333
943,868874,1145,947.25,1.0,0.45,0.2660000000000002,0.40517000000000025,0.8648418222222223
944,869748,874,943.99,1.0,0.46,0.2890000000000002,0.3984400000000003,0.8647058666666667
945,870906,1158,943.57,1.0,0.47,0.4010000000000003,0.3978100000000003,0.8645257333333334
946,871156,250,934.07,1.0,0.48,0.07900000000000006,0.39253000000000027,0.8644868444444445
947,871622,466,927.19,1.0,0.48,0.17700000000000013,0.3898700000000003,0.8644143555555556
948,871978,356,919.95,1.0,0.48,0.17500000000000013,0.38209000000000026,0.8643589777777778
949,873178,1200,919.95,0.0,0.48,0.2680000000000002,0.38026000000000026,0.864172311111111
950,874378,1200,924.79,0.0,0.47,0.4130000000000003,0.3805400000000002,0.8639856444444445
951,875578,1200,924.79,0.0,0.47,0.5920000000000004,0.3814900000000003,0.8637989777777778
952,876542,964,922.43,1.0,0.48,0.47200000000000036,0.3823000000000003,0.8636490222222222
953,876749,207,921.96,1.0,0.48,0.07500000000000005,0.38220000000000026,0.8636168222222222
954,877219,470,914.66,1.0,0.49,0.18600000000000014,0.3803600000000003,0.8635437111111111
955,877798,579,913.35,1.0,0.49,0.11600000000000009,0.3789800000000003,0.8634536444444445
956,878472,674,913.89,1.0,0.49,0.18300000000000013,0.37647000000000025,0.8633488
957,879672,1200,913.89,0.0,0.49,0.3940000000000003,0.37624000000000024,0.8631621333333334
958,880872,1200,918.28,0.0,0.48,0.6090000000000004,0.3780000000000003,0.8629754666666667
959,882072,1200,918.28,0.0,0.48,0.3970000000000003,0.3766800000000003,0.8627888
960,883272,1200,918.28,0.0,0.48,0.3990000000000003,0.3736700000000003,0.8626021333333334
961,884066,794,914.22,1.0,0.49,0.22200000000000017,0.3682500000000003,0.8624786222222223
962,884738,672,915.2,1.0,0.49,0.2420000000000002,0.36811000000000027,0.8623740888888889
963,884904,166,904.86,1.0,0.5,0.04900000000000003,0.3628400000000003,0.8623482666666666
964,886104,1200,904.86,0.0,0.5,0.35200000000000026,0.3615000000000002,0.8621616
965,887143,1039,910.14,1.0,0.5,0.2600000000000002,0.3603800000000002,0.8619999777777778
966,888343,1200,911.6,0.0,0.49,0.36800000000000027,0.36057000000000017,0.861813311111111
967,889426,1083,910.43,1.0,0.5,0.32500000000000023,0.35881000000000024,0.8616448444444444
968,890626,1200,916.56,0.0,0.49,0.2990000000000002,0.3596300000000002,0.8614581777777778
969,891203,577,915.07,1.0,0.49,0.20200000000000015,0.3581400000000003,0.8613684222222222
970,891776,573,908.8,1.0,0.5,0.23600000000000018,0.3574200000000002,0.8612792888888889
971,892495,719,909.91,1.0,0.5,0.21100000000000016,0.3567100000000002,0.8611674444444444
972,893695,1200,916.59,0.0,0.49,0.34100000000000025,0.35732000000000014,0.8609807777777778
973,894330,635,914.47,1.0,0.49,0.33300000000000024,0.3553500000000003,0.860882
974,894688,358,909.08,1.0,0.49,0.2420000000000002,0.3533100000000002,0.8608263111111111
975,895472,784,904.92,1.0,0.5,0.3720000000000003,0.3522100000000002,0.8607043555555556
976,896672,1200,910.25,0.0,0.49,0.33800000000000024,0.3533600000000002,0.8605176888888889
977,897374,702,910.71,1.0,0.49,0.17500000000000013,0.35295000000000015,0.8604084888888889
978,898574,1200,910.71,0.0,0.49,0.4110000000000003,0.3526300000000003,0.8602218222222222
979,899774,1200,910.71,0.0,0.49,0.3160000000000002,0.35227000000000025,0.8600351555555555
980,900626,852,914.09,1.0,0.49,0.21500000000000016,0.3528700000000003,0.8599026222222222
981,901224,598,911.69,1.0,0.49,0.1380000000000001,0.3499300000000003,0.8598096
982,901556,332,903.01,1.0,0.5,0.09200000000000007,0.34283000000000025,0.8597579555555556
983,902756,1200,903.01,0.0,0.5,0.3840000000000003,0.3406100000000002,0.8595712888888889
984,903956,1200,909.39,0.0,0.49,0.2900000000000002,0.3409300000000002,0.8593846222222222
985,904646,690,911.68,1.0,0.49,0.3020000000000002,0.34273000000000026,0.8592772888888889
986,905846,1200,911.68,0.0,0.49,1.0239999999999985,0.3449100000000002,0.8590906222222222
987,906681,835,908.03,1.0,0.5,0.2480000000000002,0.34069000000000016,0.8589607333333333
988,907769,1088,917.23,1.0,0.5,0.2790000000000002,0.34282000000000024,0.8587914888888889
989,908270,501,910.87,1.0,0.5,0.1310000000000001,0.3388500000000002,0.8587135555555555
990,909470,1200,910.87,0.0,0.5,0.2960000000000002,0.3391000000000002,0.8585268888888888
991,910670,1200,910.87,0.0,0.5,0.34900000000000025,0.3394200000000003,0.8583402222222223
992,911870,1200,915.2,0.0,0.49,0.43300000000000033,0.3412600000000002,0.8581535555555555
993,913070,1200,915.2,0.0,0.49,0.4190000000000003,0.34076000000000023,0.857966888888889
994,914270,1200,917.69,0.0,0.48,0.5190000000000003,0.34229000000000015,0.8577802222222222
995,914921,651,912.2,1.0,0.49,0.1240000000000001,0.3386700000000002,0.8576789555555555
996,916121,1200,921.48,0.0,0.48,0.4030000000000003,0.3417600000000002,0.857492288888889
997,916225,104,910.52,1.0,0.49,0.033000000000000015,0.3387800000000002,0.8574761111111111
998,916296,71,906.3,1.0,0.49,0.030000000000000013,0.3380800000000002,0.8574650666666667
999,917330,1034,904.64,1.0,0.5,0.3980000000000003,0.3393100000000003,0.8573042222222222
1000,918424,1094,911.18,1.0,0.5,0.33900000000000025,0.34151000000000026,0.8571340444444444
1001,918507,83,900.01,1.0,0.51,0.024000000000000007,0.3381100000000002,0.8571211333333333
1002,919707,1200,900.01,0.0,0.51,0.3060000000000002,0.3376200000000002,0.8569344666666667
1003,920601,894,898.27,1.0,0.51,0.44400000000000034,0.3357200000000002,0.8567954
1004,921801,1200,898.27,0.0,0.51,0.45900000000000035,0.3366500000000002,0.8566087333333333
1005,923001,1200,903.87,0.0,0.5,0.3750000000000003,0.33856000000000025,0.8564220666666666
1006,924201,1200,909.5,0.0,0.49,0.35200000000000026,0.3402400000000002,0.8562354
1007,925401,1200,909.5,0.0,0.49,0.4950000000000004,0.33955000000000013,0.8560487333333333
1008,926082,681,913.79,1.0,0.49,0.5010000000000003,0.3431900000000001,0.8559428
1009,927282,1200,913.79,0.0,0.49,0.5670000000000004,0.34494000000000014,0.8557561333333333
1010,928482,1200,922.74,0.0,0.48,0.3010000000000002,0.3469800000000001,0.8555694666666667
1011,928848,366,922.56,1.0,0.48,0.10400000000000008,0.3464300000000001,0.8555125333333333
1012,930048,1200,932.56,0.0,0.47,0.23200000000000018,0.34773000000000015,0.8553258666666667
1013,931248,1200,932.56,0.0,0.47,0.2970000000000002,0.3480400000000002,0.8551392
1014,932448,1200,932.56,0.0,0.47,0.2490000000000002,0.34602000000000016,0.8549525333333333
1015,933648,1200,932.56,0.0,0.47,0.33500000000000024,0.34575000000000017,0.8547658666666667
1016,934848,1200,932.56,0.0,0.47,0.6070000000000004,0.34527000000000013,0.8545792
1017,936048,1200,932.56,0.0,0.47,0.36100000000000027,0.3443400000000002,0.8543925333333333
1018,937248,1200,932.56,0.0,0.47,0.2410000000000002,0.34327000000000013,0.8542058666666666
1019,938448,1200,932.56,0.0,0.47,0.2860000000000002,0.3411600000000002,0.8540192
1020,939648,1200,933.24,0.0,0.46,0.2880000000000002,0.3401800000000001,0.8538325333333333
1021,939671,23,921.47,1.0,0.47,0.01,0.3353800000000002,0.8538289555555556
1022,939943,272,912.19,1.0,0.48,0.04200000000000003,0.32788000000000017,0.8537866444444444
1023,941143,1200,912.19,0.0,0.48,0.2710000000000002,0.32148000000000027,0.8535999777777777
1024,942343,1200,921.07,0.0,0.47,0.2440000000000002,0.3231500000000002,0.8534133111111111
1025,943543,1200,932.17,0.0,0.46,0.47900000000000037,0.3276700000000002,0.8532266444444445
1026,944539,996,930.13,1.0,0.47,0.32500000000000023,0.32733000000000023,0.8530717111111111
1027,945410,871,926.84,1.0,0.48,0.2930000000000002,0.3209800000000002,0.8529362222222222
1028,946610,1200,926.84,0.0,0.48,0.7560000000000006,0.3252500000000002,0.8527495555555555
1029,946971,361,918.45,1.0,0.49,0.07700000000000005,0.3220000000000002,0.8526934
1030,948171,1200,918.45,0.0,0.49,0.44600000000000034,0.32176000000000016,0.8525067333333334
1031,948533,362,910.07,1.0,0.5,0.06600000000000004,0.3182700000000002,0.8524504222222222
1032,949733,1200,910.07,0.0,0.5,0.23900000000000018,0.31659000000000015,0.8522637555555556
1033,950933,1200,918.87,0.0,0.49,0.43400000000000033,0.3188100000000002,0.8520770888888889
1034,951326,393,910.8,1.0,0.5,0.1230000000000001,0.31328000000000017,0.8520159555555555
1035,952526,1200,910.8,0.0,0.5,0.33800000000000024,0.3128100000000002,0.8518292888888889
1036,953145,619,907.45,1.0,0.5,0.1380000000000001,0.3105500000000002,0.851733
1037,954345,1200,911.82,0.0,0.49,0.2820000000000002,0.3106500000000002,0.8515463333333333
1038,955545,1200,922.9,0.0,0.48,0.23600000000000018,0.3126400000000002,0.8513596666666667
1039,955905,360,914.5,1.0,0.49,0.17400000000000013,0.3035700000000002,0.8513036666666667
1040,957105,1200,917.76,0.0,0.48,0.36000000000000026,0.3046300000000002,0.851117
1041,957701,596,911.72,1.0,0.49,0.09000000000000007,0.30018000000000017,0.8510242888888889
1042,958901,1200,911.72,0.0,0.49,0.32300000000000023,0.29801000000000016,0.8508376222222223
1043,959276,375,904.02,1.0,0.49,0.10300000000000008,0.29638000000000014,0.8507792888888889
1044,960190,914,904.42,1.0,0.49,0.21200000000000016,0.29561000000000015,0.8506371111111111
1045,960568,378,896.62,1.0,0.49,0.11600000000000009,0.2927600000000002,0.8505783111111112
1046,961768,1200,906.12,0.0,0.48,0.46500000000000036,0.29662000000000016,0.8503916444444445
1047,962150,382,905.28,1.0,0.48,0.09200000000000007,0.29577000000000014,0.8503322222222223
1048,963350,1200,913.72,0.0,0.47,0.2990000000000002,0.2970100000000001,0.8501455555555555
1049,963862,512,906.84,1.0,0.48,0.2810000000000002,0.2971400000000001,0.8500659111111111
1050,964284,422,899.06,1.0,0.49,0.09400000000000007,0.29395000000000016,0.8500002666666666
1051,965195,911,896.17,1.0,0.5,0.18500000000000014,0.28988000000000014,0.8498585555555556
1052,965918,723,893.76,1.0,0.5,0.19600000000000015,0.28712000000000015,0.8497460888888889
1053,966379,461,896.3,1.0,0.5,0.1410000000000001,0.28778000000000015,0.8496743777777778
1054,966911,532,896.92,1.0,0.5,0.11200000000000009,0.28704000000000013,0.8495916222222222
1055,968111,1200,903.13,0.0,0.49,0.32100000000000023,0.2890900000000002,0.8494049555555556
1056,969241,1130,907.69,1.0,0.49,0.3020000000000002,0.29028000000000015,0.8492291777777778
1057,970441,1200,907.69,0.0,0.49,0.33300000000000024,0.28967000000000015,0.8490425111111111
1058,971056,615,901.84,1.0,0.5,0.22100000000000017,0.2857900000000002,0.8489468444444445
1059,972256,1200,901.84,0.0,0.5,0.5710000000000004,0.2875300000000002,0.8487601777777778
1060,973456,1200,901.84,0.0,0.5,0.2600000000000002,0.2861400000000002,0.8485735111111111
1061,974556,1100,904.9,1.0,0.5,0.19400000000000014,0.2858600000000002,0.8484024
1062,975058,502,903.2,1.0,0.5,0.1420000000000001,0.28486000000000017,0.8483243111111112
1063,975541,483,906.37,1.0,0.5,0.1300000000000001,0.28567000000000015,0.8482491777777778
1064,976413,872,903.09,1.0,0.51,0.35100000000000026,0.28566000000000014,0.8481135333333334
1065,976931,518,897.88,1.0,0.51,0.17300000000000013,0.28479000000000015,0.8480329555555556
1066,978131,1200,897.88,0.0,0.51,0.45300000000000035,0.28564000000000017,0.8478462888888889
1067,979331,1200,899.05,0.0,0.5,0.5230000000000004,0.2876200000000002,0.8476596222222222
1068,980531,1200,899.05,0.0,0.5,0.2900000000000002,0.2875300000000001,0.8474729555555556
1069,981731,1200,905.28,0.0,0.49,0.36200000000000027,0.28913000000000016,0.8472862888888889
1070,982509,778,907.33,1.0,0.49,0.17100000000000012,0.2884800000000002,0.8471652666666667
1071,983709,1200,912.14,0.0,0.48,0.34200000000000025,0.2897900000000002,0.8469786
1072,984909,1200,912.14,0.0,0.48,0.9030000000000007,0.2954100000000002,0.8467919333333334
1073,986109,1200,917.79,0.0,0.47,0.32100000000000023,0.2952900000000002,0.8466052666666667
1074,986748,639,920.6,1.0,0.47,0.1470000000000001,0.2943400000000002,0.8465058666666667
1075,987948,1200,924.76,0.0,0.46,0.2990000000000002,0.2936100000000002,0.8463192
1076,989148,1200,924.76,0.0,0.46,0.36500000000000027,0.29388000000000014,0.8461325333333334
1077,990348,1200,929.74,0.0,0.45,0.2830000000000002,0.2949600000000002,0.8459458666666666
1078,991330,982,927.56,1.0,0.46,0.2910000000000002,0.29376000000000013,0.8457931111111111
1079,991608,278,918.34,1.0,0.47,0.06400000000000004,0.2912400000000002,0.8457498666666667
1080,992808,1200,921.82,0.0,0.46,0.2890000000000002,0.2919800000000002,0.8455632
1081,993646,838,924.22,1.0,0.46,0.20000000000000015,0.2926000000000002,0.8454328444444444
1082,994846,1200,932.9,0.0,0.45,0.32200000000000023,0.29490000000000016,0.8452461777777778
1083,995290,444,925.34,1.0,0.46,0.11000000000000008,0.2921600000000002,0.8451771111111112
1084,996490,1200,925.34,0.0,0.46,0.2640000000000002,0.29190000000000016,0.8449904444444445
1085,996910,420,922.64,1.0,0.46,0.11900000000000009,0.29007000000000016,0.8449251111111111
1086,997229,319,913.83,1.0,0.47,0.11300000000000009,0.28096000000000015,0.8448754888888889
1087,997390,161,907.09,1.0,0.47,0.02900000000000002,0.2787700000000002,0.8448504444444445
1088,998590,1200,908.21,0.0,0.46,0.35800000000000026,0.2795600000000002,0.8446637777777778
1089,999790,1200,915.2,0.0,0.45,0.2490000000000002,0.28074000000000016,0.8444771111111111
1090,1000990,1200,915.2,0.0,0.45,0.24000000000000019,0.28018000000000015,0.8442904444444445
1091,1002190,1200,915.2,0.0,0.45,0.5300000000000004,0.2819900000000002,0.8441037777777778
1092,1003143,953,912.73,1.0,0.46,0.3020000000000002,0.28068000000000015,0.8439555333333333
1093,1004343,1200,912.73,0.0,0.46,0.2820000000000002,0.27931000000000017,0.8437688666666667
1094,1005543,1200,912.73,0.0,0.46,0.48100000000000037,0.2789300000000002,0.8435822
1095,1006743,1200,918.22,0.0,0.45,0.5470000000000004,0.2831600000000002,0.8433955333333334
1096,1007943,1200,918.22,0.0,0.45,0.6620000000000005,0.2857500000000002,0.8432088666666666
1097,1009042,1099,928.17,1.0,0.45,0.7340000000000005,0.2927600000000002,0.8430379111111111
1098,1010242,1200,939.46,0.0,0.44,0.3820000000000003,0.2962800000000002,0.8428512444444445
1099,1011442,1200,941.12,0.0,0.43,0.2830000000000002,0.2951300000000002,0.8426645777777778
1100,1012642,1200,942.18,0.0,0.42,0.7660000000000006,0.2994000000000003,0.8424779111111111
1101,1013842,1200,953.35,0.0,0.41,0.33900000000000025,0.30255000000000026,0.8422912444444445
1102,1014113,271,944.06,1.0,0.42,0.07100000000000005,0.30020000000000024,0.8422490888888889
1103,1015313,1200,947.12,0.0,0.41,0.25200000000000017,0.2982800000000002,0.8420624222222223
1104,1016095,782,942.94,1.0,0.42,0.21900000000000017,0.2958800000000002,0.8419407777777778
1105,1016327,232,933.26,1.0,0.43,0.04000000000000003,0.29253000000000023,0.8419046888888889
1106,1017527,1200,933.26,0.0,0.43,0.4190000000000003,0.29320000000000024,0.8417180222222223
1107,1018727,1200,933.26,0.0,0.43,0.44000000000000034,0.29265000000000024,0.8415313555555556
1108,1019647,920,935.65,1.0,0.43,0.16400000000000012,0.2892800000000002,0.8413882444444445
